{"C:\\Users\\Admin\\Desktop\\Mobile developmet with react\\CIDEmp\\app\\_layout.jsx": {"path":"C:\\Users\\Admin\\Desktop\\Mobile developmet with react\\CIDEmp\\app\\_layout.jsx","statementMap":{"0":{"start":{"line":10,"column":62},"end":{"line":10,"column":77}},"1":{"start":{"line":12,"column":2},"end":{"line":16,"column":5}},"2":{"start":{"line":18,"column":2},"end":{"line":47,"column":9}},"3":{"start":{"line":19,"column":29},"end":{"line":44,"column":5}},"4":{"start":{"line":20,"column":25},"end":{"line":20,"column":69}},"5":{"start":{"line":22,"column":6},"end":{"line":25,"column":7}},"6":{"start":{"line":23,"column":8},"end":{"line":23,"column":81}},"7":{"start":{"line":24,"column":8},"end":{"line":24,"column":15}},"8":{"start":{"line":27,"column":30},"end":{"line":27,"column":73}},"9":{"start":{"line":29,"column":6},"end":{"line":32,"column":7}},"10":{"start":{"line":30,"column":8},"end":{"line":30,"column":101}},"11":{"start":{"line":31,"column":8},"end":{"line":31,"column":15}},"12":{"start":{"line":34,"column":25},"end":{"line":37,"column":8}},"13":{"start":{"line":39,"column":6},"end":{"line":43,"column":7}},"14":{"start":{"line":40,"column":8},"end":{"line":40,"column":40}},"15":{"start":{"line":42,"column":8},"end":{"line":42,"column":64}},"16":{"start":{"line":46,"column":4},"end":{"line":46,"column":23}},"17":{"start":{"line":49,"column":2},"end":{"line":51,"column":3}},"18":{"start":{"line":50,"column":4},"end":{"line":50,"column":29}},"19":{"start":{"line":53,"column":2},"end":{"line":58,"column":4}}},"fnMap":{"0":{"name":"RootLayout","decl":{"start":{"line":9,"column":24},"end":{"line":9,"column":34}},"loc":{"start":{"line":9,"column":37},"end":{"line":59,"column":1}},"line":9},"1":{"name":"(anonymous_1)","decl":{"start":{"line":18,"column":12},"end":{"line":18,"column":13}},"loc":{"start":{"line":18,"column":18},"end":{"line":47,"column":3}},"line":18},"2":{"name":"(anonymous_2)","decl":{"start":{"line":19,"column":29},"end":{"line":19,"column":30}},"loc":{"start":{"line":19,"column":41},"end":{"line":44,"column":5}},"line":19}},"branchMap":{"0":{"loc":{"start":{"line":22,"column":6},"end":{"line":25,"column":7}},"type":"if","locations":[{"start":{"line":22,"column":6},"end":{"line":25,"column":7}},{"start":{},"end":{}}],"line":22},"1":{"loc":{"start":{"line":29,"column":6},"end":{"line":32,"column":7}},"type":"if","locations":[{"start":{"line":29,"column":6},"end":{"line":32,"column":7}},{"start":{},"end":{}}],"line":29},"2":{"loc":{"start":{"line":39,"column":6},"end":{"line":43,"column":7}},"type":"if","locations":[{"start":{"line":39,"column":6},"end":{"line":43,"column":7}},{"start":{"line":41,"column":13},"end":{"line":43,"column":7}}],"line":39},"3":{"loc":{"start":{"line":49,"column":2},"end":{"line":51,"column":3}},"type":"if","locations":[{"start":{"line":49,"column":2},"end":{"line":51,"column":3}},{"start":{},"end":{}}],"line":49}},"s":{"0":3,"1":2,"2":2,"3":1,"4":1,"5":1,"6":1,"7":1,"8":0,"9":0,"10":0,"11":0,"12":0,"13":0,"14":0,"15":0,"16":1,"17":2,"18":2,"19":0},"f":{"0":3,"1":1,"2":1},"b":{"0":[1,0],"1":[0,0],"2":[0,0],"3":[2,0]},"_coverageSchema":"1a1c01bbd47fc00a2c39e90264f33305004495a9","hash":"15b0c014c6539fc8405b5a501555473842bc63d9"}
,"C:\\Users\\Admin\\Desktop\\Mobile developmet with react\\CIDEmp\\app\\emp.jsx": {"path":"C:\\Users\\Admin\\Desktop\\Mobile developmet with react\\CIDEmp\\app\\emp.jsx","statementMap":{"0":{"start":{"line":7,"column":2},"end":{"line":16,"column":4}},"1":{"start":{"line":20,"column":15},"end":{"line":24,"column":2}}},"fnMap":{"0":{"name":"emp","decl":{"start":{"line":6,"column":24},"end":{"line":6,"column":27}},"loc":{"start":{"line":6,"column":30},"end":{"line":17,"column":1}},"line":6}},"branchMap":{},"s":{"0":0,"1":0},"f":{"0":0},"b":{}}
,"C:\\Users\\Admin\\Desktop\\Mobile developmet with react\\CIDEmp\\app\\index.tsx": {"path":"C:\\Users\\Admin\\Desktop\\Mobile developmet with react\\CIDEmp\\app\\index.tsx","statementMap":{"0":{"start":{"line":4,"column":2},"end":{"line":4,"column":36}}},"fnMap":{"0":{"name":"Index","decl":{"start":{"line":3,"column":24},"end":{"line":3,"column":29}},"loc":{"start":{"line":3,"column":32},"end":{"line":5,"column":1}},"line":3}},"branchMap":{},"s":{"0":0},"f":{"0":0},"b":{}}
,"C:\\Users\\Admin\\Desktop\\Mobile developmet with react\\CIDEmp\\app\\(tabs)\\_layout.jsx": {"path":"C:\\Users\\Admin\\Desktop\\Mobile developmet with react\\CIDEmp\\app\\(tabs)\\_layout.jsx","statementMap":{"0":{"start":{"line":8,"column":48},"end":{"line":8,"column":63}},"1":{"start":{"line":10,"column":2},"end":{"line":24,"column":9}},"2":{"start":{"line":11,"column":36},"end":{"line":14,"column":5}},"3":{"start":{"line":13,"column":12},"end":{"line":13,"column":36}},"4":{"start":{"line":15,"column":36},"end":{"line":18,"column":5}},"5":{"start":{"line":17,"column":12},"end":{"line":17,"column":37}},"6":{"start":{"line":20,"column":4},"end":{"line":23,"column":6}},"7":{"start":{"line":21,"column":6},"end":{"line":21,"column":39}},"8":{"start":{"line":22,"column":6},"end":{"line":22,"column":39}},"9":{"start":{"line":26,"column":2},"end":{"line":70,"column":4}},"10":{"start":{"line":38,"column":37},"end":{"line":38,"column":85}},"11":{"start":{"line":45,"column":37},"end":{"line":45,"column":85}},"12":{"start":{"line":52,"column":37},"end":{"line":52,"column":89}},"13":{"start":{"line":59,"column":37},"end":{"line":59,"column":87}},"14":{"start":{"line":66,"column":37},"end":{"line":66,"column":94}}},"fnMap":{"0":{"name":"TabLayout","decl":{"start":{"line":7,"column":24},"end":{"line":7,"column":33}},"loc":{"start":{"line":7,"column":36},"end":{"line":71,"column":1}},"line":7},"1":{"name":"(anonymous_1)","decl":{"start":{"line":10,"column":12},"end":{"line":10,"column":13}},"loc":{"start":{"line":10,"column":18},"end":{"line":24,"column":3}},"line":10},"2":{"name":"(anonymous_2)","decl":{"start":{"line":13,"column":6},"end":{"line":13,"column":7}},"loc":{"start":{"line":13,"column":12},"end":{"line":13,"column":36}},"line":13},"3":{"name":"(anonymous_3)","decl":{"start":{"line":17,"column":6},"end":{"line":17,"column":7}},"loc":{"start":{"line":17,"column":12},"end":{"line":17,"column":37}},"line":17},"4":{"name":"(anonymous_4)","decl":{"start":{"line":20,"column":11},"end":{"line":20,"column":12}},"loc":{"start":{"line":20,"column":17},"end":{"line":23,"column":5}},"line":20},"5":{"name":"(anonymous_5)","decl":{"start":{"line":38,"column":22},"end":{"line":38,"column":23}},"loc":{"start":{"line":38,"column":37},"end":{"line":38,"column":85}},"line":38},"6":{"name":"(anonymous_6)","decl":{"start":{"line":45,"column":22},"end":{"line":45,"column":23}},"loc":{"start":{"line":45,"column":37},"end":{"line":45,"column":85}},"line":45},"7":{"name":"(anonymous_7)","decl":{"start":{"line":52,"column":22},"end":{"line":52,"column":23}},"loc":{"start":{"line":52,"column":37},"end":{"line":52,"column":89}},"line":52},"8":{"name":"(anonymous_8)","decl":{"start":{"line":59,"column":22},"end":{"line":59,"column":23}},"loc":{"start":{"line":59,"column":37},"end":{"line":59,"column":87}},"line":59},"9":{"name":"(anonymous_9)","decl":{"start":{"line":66,"column":22},"end":{"line":66,"column":23}},"loc":{"start":{"line":66,"column":37},"end":{"line":66,"column":94}},"line":66}},"branchMap":{"0":{"loc":{"start":{"line":31,"column":32},"end":{"line":31,"column":65}},"type":"cond-expr","locations":[{"start":{"line":31,"column":50},"end":{"line":31,"column":56}},{"start":{"line":31,"column":59},"end":{"line":31,"column":65}}],"line":31}},"s":{"0":0,"1":0,"2":0,"3":0,"4":0,"5":0,"6":0,"7":0,"8":0,"9":0,"10":0,"11":0,"12":0,"13":0,"14":0},"f":{"0":0,"1":0,"2":0,"3":0,"4":0,"5":0,"6":0,"7":0,"8":0,"9":0},"b":{"0":[0,0]}}
,"C:\\Users\\Admin\\Desktop\\Mobile developmet with react\\CIDEmp\\app\\(tabs)\\department.jsx": {"path":"C:\\Users\\Admin\\Desktop\\Mobile developmet with react\\CIDEmp\\app\\(tabs)\\department.jsx","statementMap":{"0":{"start":{"line":8,"column":2},"end":{"line":18,"column":3}}},"fnMap":{"0":{"name":"depatrment","decl":{"start":{"line":7,"column":24},"end":{"line":7,"column":34}},"loc":{"start":{"line":7,"column":37},"end":{"line":19,"column":1}},"line":7}},"branchMap":{},"s":{"0":0},"f":{"0":0},"b":{}}
,"C:\\Users\\Admin\\Desktop\\Mobile developmet with react\\CIDEmp\\app\\(tabs)\\employee.jsx": {"path":"C:\\Users\\Admin\\Desktop\\Mobile developmet with react\\CIDEmp\\app\\(tabs)\\employee.jsx","statementMap":{"0":{"start":{"line":7,"column":2},"end":{"line":16,"column":3}}},"fnMap":{"0":{"name":"employee","decl":{"start":{"line":6,"column":24},"end":{"line":6,"column":32}},"loc":{"start":{"line":6,"column":35},"end":{"line":17,"column":1}},"line":6}},"branchMap":{},"s":{"0":0},"f":{"0":0},"b":{}}
,"C:\\Users\\Admin\\Desktop\\Mobile developmet with react\\CIDEmp\\app\\(tabs)\\home.jsx": {"path":"C:\\Users\\Admin\\Desktop\\Mobile developmet with react\\CIDEmp\\app\\(tabs)\\home.jsx","statementMap":{"0":{"start":{"line":7,"column":2},"end":{"line":16,"column":3}}},"fnMap":{"0":{"name":"home","decl":{"start":{"line":6,"column":24},"end":{"line":6,"column":28}},"loc":{"start":{"line":6,"column":31},"end":{"line":17,"column":1}},"line":6}},"branchMap":{},"s":{"0":0},"f":{"0":0},"b":{}}
,"C:\\Users\\Admin\\Desktop\\Mobile developmet with react\\CIDEmp\\app\\(tabs)\\location.jsx": {"path":"C:\\Users\\Admin\\Desktop\\Mobile developmet with react\\CIDEmp\\app\\(tabs)\\location.jsx","statementMap":{"0":{"start":{"line":8,"column":2},"end":{"line":18,"column":3}}},"fnMap":{"0":{"name":"location","decl":{"start":{"line":7,"column":24},"end":{"line":7,"column":32}},"loc":{"start":{"line":7,"column":35},"end":{"line":19,"column":1}},"line":7}},"branchMap":{},"s":{"0":0},"f":{"0":0},"b":{}}
,"C:\\Users\\Admin\\Desktop\\Mobile developmet with react\\CIDEmp\\app\\(tabs)\\rank.jsx": {"path":"C:\\Users\\Admin\\Desktop\\Mobile developmet with react\\CIDEmp\\app\\(tabs)\\rank.jsx","statementMap":{"0":{"start":{"line":7,"column":2},"end":{"line":15,"column":3}}},"fnMap":{"0":{"name":"rank","decl":{"start":{"line":6,"column":24},"end":{"line":6,"column":28}},"loc":{"start":{"line":6,"column":31},"end":{"line":16,"column":1}},"line":6}},"branchMap":{},"s":{"0":0},"f":{"0":0},"b":{}}
,"C:\\Users\\Admin\\Desktop\\Mobile developmet with react\\CIDEmp\\components\\LoadingScreen.jsx": {"path":"C:\\Users\\Admin\\Desktop\\Mobile developmet with react\\CIDEmp\\components\\LoadingScreen.jsx","statementMap":{"0":{"start":{"line":5,"column":2},"end":{"line":10,"column":4}},"1":{"start":{"line":13,"column":15},"end":{"line":25,"column":2}}},"fnMap":{"0":{"name":"LoadingScreen","decl":{"start":{"line":4,"column":24},"end":{"line":4,"column":37}},"loc":{"start":{"line":4,"column":40},"end":{"line":11,"column":1}},"line":4}},"branchMap":{},"s":{"0":2,"1":1},"f":{"0":2},"b":{},"_coverageSchema":"1a1c01bbd47fc00a2c39e90264f33305004495a9","hash":"8370c40d7b9a7ed59194ca53fc0d340498280eed"}
,"C:\\Users\\Admin\\Desktop\\Mobile developmet with react\\CIDEmp\\components\\LoginScreen.jsx": {"path":"C:\\Users\\Admin\\Desktop\\Mobile developmet with react\\CIDEmp\\components\\LoginScreen.jsx","statementMap":{"0":{"start":{"line":8,"column":54},"end":{"line":8,"column":69}},"1":{"start":{"line":9,"column":17},"end":{"line":9,"column":28}},"2":{"start":{"line":11,"column":2},"end":{"line":19,"column":9}},"3":{"start":{"line":13,"column":34},"end":{"line":16,"column":5}},"4":{"start":{"line":14,"column":25},"end":{"line":14,"column":69}},"5":{"start":{"line":15,"column":6},"end":{"line":15,"column":40}},"6":{"start":{"line":18,"column":4},"end":{"line":18,"column":28}},"7":{"start":{"line":21,"column":30},"end":{"line":46,"column":3}},"8":{"start":{"line":22,"column":4},"end":{"line":25,"column":5}},"9":{"start":{"line":23,"column":6},"end":{"line":23,"column":79}},"10":{"start":{"line":24,"column":6},"end":{"line":24,"column":13}},"11":{"start":{"line":27,"column":28},"end":{"line":27,"column":71}},"12":{"start":{"line":29,"column":4},"end":{"line":32,"column":5}},"13":{"start":{"line":30,"column":6},"end":{"line":30,"column":99}},"14":{"start":{"line":31,"column":6},"end":{"line":31,"column":13}},"15":{"start":{"line":34,"column":23},"end":{"line":37,"column":6}},"16":{"start":{"line":39,"column":4},"end":{"line":45,"column":5}},"17":{"start":{"line":40,"column":6},"end":{"line":40,"column":48}},"18":{"start":{"line":42,"column":6},"end":{"line":42,"column":31}},"19":{"start":{"line":44,"column":6},"end":{"line":44,"column":62}},"20":{"start":{"line":48,"column":2},"end":{"line":68,"column":4}},"21":{"start":{"line":71,"column":15},"end":{"line":84,"column":2}}},"fnMap":{"0":{"name":"LoginScreen","decl":{"start":{"line":7,"column":24},"end":{"line":7,"column":35}},"loc":{"start":{"line":7,"column":38},"end":{"line":69,"column":1}},"line":7},"1":{"name":"(anonymous_1)","decl":{"start":{"line":11,"column":12},"end":{"line":11,"column":13}},"loc":{"start":{"line":11,"column":18},"end":{"line":19,"column":3}},"line":11},"2":{"name":"(anonymous_2)","decl":{"start":{"line":13,"column":34},"end":{"line":13,"column":35}},"loc":{"start":{"line":13,"column":46},"end":{"line":16,"column":5}},"line":13},"3":{"name":"(anonymous_3)","decl":{"start":{"line":21,"column":30},"end":{"line":21,"column":31}},"loc":{"start":{"line":21,"column":42},"end":{"line":46,"column":3}},"line":21}},"branchMap":{"0":{"loc":{"start":{"line":22,"column":4},"end":{"line":25,"column":5}},"type":"if","locations":[{"start":{"line":22,"column":4},"end":{"line":25,"column":5}},{"start":{},"end":{}}],"line":22},"1":{"loc":{"start":{"line":29,"column":4},"end":{"line":32,"column":5}},"type":"if","locations":[{"start":{"line":29,"column":4},"end":{"line":32,"column":5}},{"start":{},"end":{}}],"line":29},"2":{"loc":{"start":{"line":39,"column":4},"end":{"line":45,"column":5}},"type":"if","locations":[{"start":{"line":39,"column":4},"end":{"line":45,"column":5}},{"start":{"line":43,"column":11},"end":{"line":45,"column":5}}],"line":39}},"s":{"0":0,"1":0,"2":0,"3":0,"4":0,"5":0,"6":0,"7":0,"8":0,"9":0,"10":0,"11":0,"12":0,"13":0,"14":0,"15":0,"16":0,"17":0,"18":0,"19":0,"20":0,"21":1},"f":{"0":0,"1":0,"2":0,"3":0},"b":{"0":[0,0],"1":[0,0],"2":[0,0]},"_coverageSchema":"1a1c01bbd47fc00a2c39e90264f33305004495a9","hash":"2c0746fca2fe37e2c358abe1e974fc8ccd9b7048"}
,"C:\\Users\\Admin\\Desktop\\Mobile developmet with react\\CIDEmp\\components\\Department\\DepartmentComponent.jsx": {"path":"C:\\Users\\Admin\\Desktop\\Mobile developmet with react\\CIDEmp\\components\\Department\\DepartmentComponent.jsx","statementMap":{"0":{"start":{"line":8,"column":17},"end":{"line":8,"column":28}},"1":{"start":{"line":9,"column":34},"end":{"line":9,"column":46}},"2":{"start":{"line":10,"column":28},"end":{"line":10,"column":40}},"3":{"start":{"line":11,"column":42},"end":{"line":11,"column":57}},"4":{"start":{"line":12,"column":42},"end":{"line":12,"column":56}},"5":{"start":{"line":13,"column":32},"end":{"line":13,"column":44}},"6":{"start":{"line":14,"column":54},"end":{"line":14,"column":69}},"7":{"start":{"line":16,"column":2},"end":{"line":18,"column":9}},"8":{"start":{"line":17,"column":4},"end":{"line":17,"column":17}},"9":{"start":{"line":20,"column":21},"end":{"line":24,"column":3}},"10":{"start":{"line":21,"column":21},"end":{"line":21,"column":37}},"11":{"start":{"line":22,"column":4},"end":{"line":22,"column":36}},"12":{"start":{"line":23,"column":4},"end":{"line":23,"column":33}},"13":{"start":{"line":26,"column":23},"end":{"line":31,"column":3}},"14":{"start":{"line":27,"column":4},"end":{"line":27,"column":26}},"15":{"start":{"line":28,"column":4},"end":{"line":28,"column":35}},"16":{"start":{"line":29,"column":4},"end":{"line":29,"column":20}},"17":{"start":{"line":30,"column":4},"end":{"line":30,"column":17}},"18":{"start":{"line":33,"column":24},"end":{"line":36,"column":3}},"19":{"start":{"line":34,"column":4},"end":{"line":34,"column":26}},"20":{"start":{"line":35,"column":4},"end":{"line":35,"column":32}},"21":{"start":{"line":38,"column":23},"end":{"line":44,"column":3}},"22":{"start":{"line":39,"column":4},"end":{"line":43,"column":5}},"23":{"start":{"line":40,"column":6},"end":{"line":40,"column":40}},"24":{"start":{"line":41,"column":6},"end":{"line":41,"column":35}},"25":{"start":{"line":42,"column":6},"end":{"line":42,"column":19}},"26":{"start":{"line":46,"column":21},"end":{"line":50,"column":3}},"27":{"start":{"line":47,"column":4},"end":{"line":47,"column":26}},"28":{"start":{"line":48,"column":4},"end":{"line":48,"column":33}},"29":{"start":{"line":49,"column":4},"end":{"line":49,"column":26}},"30":{"start":{"line":52,"column":25},"end":{"line":70,"column":3}},"31":{"start":{"line":53,"column":4},"end":{"line":69,"column":5}},"32":{"start":{"line":54,"column":6},"end":{"line":54,"column":42}},"33":{"start":{"line":55,"column":6},"end":{"line":66,"column":9}},"34":{"start":{"line":67,"column":6},"end":{"line":67,"column":29}},"35":{"start":{"line":68,"column":6},"end":{"line":68,"column":19}},"36":{"start":{"line":72,"column":2},"end":{"line":203,"column":4}},"37":{"start":{"line":100,"column":34},"end":{"line":100,"column":52}},"38":{"start":{"line":102,"column":12},"end":{"line":124,"column":19}},"39":{"start":{"line":109,"column":33},"end":{"line":109,"column":52}},"40":{"start":{"line":117,"column":33},"end":{"line":117,"column":49}},"41":{"start":{"line":134,"column":30},"end":{"line":134,"column":52}},"42":{"start":{"line":158,"column":31},"end":{"line":158,"column":53}},"43":{"start":{"line":174,"column":30},"end":{"line":174,"column":58}},"44":{"start":{"line":192,"column":31},"end":{"line":192,"column":59}},"45":{"start":{"line":207,"column":15},"end":{"line":372,"column":2}}},"fnMap":{"0":{"name":"DepartmentComponent","decl":{"start":{"line":7,"column":24},"end":{"line":7,"column":43}},"loc":{"start":{"line":7,"column":46},"end":{"line":204,"column":1}},"line":7},"1":{"name":"(anonymous_1)","decl":{"start":{"line":16,"column":12},"end":{"line":16,"column":13}},"loc":{"start":{"line":16,"column":18},"end":{"line":18,"column":3}},"line":16},"2":{"name":"(anonymous_2)","decl":{"start":{"line":20,"column":21},"end":{"line":20,"column":22}},"loc":{"start":{"line":20,"column":33},"end":{"line":24,"column":3}},"line":20},"3":{"name":"(anonymous_3)","decl":{"start":{"line":26,"column":23},"end":{"line":26,"column":24}},"loc":{"start":{"line":26,"column":35},"end":{"line":31,"column":3}},"line":26},"4":{"name":"(anonymous_4)","decl":{"start":{"line":33,"column":24},"end":{"line":33,"column":25}},"loc":{"start":{"line":33,"column":34},"end":{"line":36,"column":3}},"line":33},"5":{"name":"(anonymous_5)","decl":{"start":{"line":38,"column":23},"end":{"line":38,"column":24}},"loc":{"start":{"line":38,"column":35},"end":{"line":44,"column":3}},"line":38},"6":{"name":"(anonymous_6)","decl":{"start":{"line":46,"column":21},"end":{"line":46,"column":22}},"loc":{"start":{"line":46,"column":31},"end":{"line":50,"column":3}},"line":46},"7":{"name":"(anonymous_7)","decl":{"start":{"line":52,"column":25},"end":{"line":52,"column":26}},"loc":{"start":{"line":52,"column":37},"end":{"line":70,"column":3}},"line":52},"8":{"name":"(anonymous_8)","decl":{"start":{"line":100,"column":24},"end":{"line":100,"column":25}},"loc":{"start":{"line":100,"column":34},"end":{"line":100,"column":52}},"line":100},"9":{"name":"(anonymous_9)","decl":{"start":{"line":101,"column":22},"end":{"line":101,"column":23}},"loc":{"start":{"line":102,"column":12},"end":{"line":124,"column":19}},"line":102},"10":{"name":"(anonymous_10)","decl":{"start":{"line":109,"column":27},"end":{"line":109,"column":28}},"loc":{"start":{"line":109,"column":33},"end":{"line":109,"column":52}},"line":109},"11":{"name":"(anonymous_11)","decl":{"start":{"line":117,"column":27},"end":{"line":117,"column":28}},"loc":{"start":{"line":117,"column":33},"end":{"line":117,"column":49}},"line":117},"12":{"name":"(anonymous_12)","decl":{"start":{"line":134,"column":24},"end":{"line":134,"column":25}},"loc":{"start":{"line":134,"column":30},"end":{"line":134,"column":52}},"line":134},"13":{"name":"(anonymous_13)","decl":{"start":{"line":158,"column":25},"end":{"line":158,"column":26}},"loc":{"start":{"line":158,"column":31},"end":{"line":158,"column":53}},"line":158},"14":{"name":"(anonymous_14)","decl":{"start":{"line":174,"column":24},"end":{"line":174,"column":25}},"loc":{"start":{"line":174,"column":30},"end":{"line":174,"column":58}},"line":174},"15":{"name":"(anonymous_15)","decl":{"start":{"line":192,"column":25},"end":{"line":192,"column":26}},"loc":{"start":{"line":192,"column":31},"end":{"line":192,"column":59}},"line":192}},"branchMap":{"0":{"loc":{"start":{"line":39,"column":4},"end":{"line":43,"column":5}},"type":"if","locations":[{"start":{"line":39,"column":4},"end":{"line":43,"column":5}},{"start":{},"end":{}}],"line":39},"1":{"loc":{"start":{"line":53,"column":4},"end":{"line":69,"column":5}},"type":"if","locations":[{"start":{"line":53,"column":4},"end":{"line":69,"column":5}},{"start":{},"end":{}}],"line":53}},"s":{"0":0,"1":0,"2":0,"3":0,"4":0,"5":0,"6":0,"7":0,"8":0,"9":0,"10":0,"11":0,"12":0,"13":0,"14":0,"15":0,"16":0,"17":0,"18":0,"19":0,"20":0,"21":0,"22":0,"23":0,"24":0,"25":0,"26":0,"27":0,"28":0,"29":0,"30":0,"31":0,"32":0,"33":0,"34":0,"35":0,"36":0,"37":0,"38":0,"39":0,"40":0,"41":0,"42":0,"43":0,"44":0,"45":0},"f":{"0":0,"1":0,"2":0,"3":0,"4":0,"5":0,"6":0,"7":0,"8":0,"9":0,"10":0,"11":0,"12":0,"13":0,"14":0,"15":0},"b":{"0":[0,0],"1":[0,0]}}
,"C:\\Users\\Admin\\Desktop\\Mobile developmet with react\\CIDEmp\\components\\Employee\\EmpComponent.jsx": {"path":"C:\\Users\\Admin\\Desktop\\Mobile developmet with react\\CIDEmp\\components\\Employee\\EmpComponent.jsx","statementMap":{"0":{"start":{"line":13,"column":17},"end":{"line":13,"column":28}},"1":{"start":{"line":14,"column":34},"end":{"line":30,"column":4}},"2":{"start":{"line":31,"column":28},"end":{"line":31,"column":40}},"3":{"start":{"line":32,"column":28},"end":{"line":32,"column":40}},"4":{"start":{"line":33,"column":36},"end":{"line":33,"column":48}},"5":{"start":{"line":34,"column":38},"end":{"line":34,"column":53}},"6":{"start":{"line":35,"column":26},"end":{"line":35,"column":46}},"7":{"start":{"line":36,"column":36},"end":{"line":36,"column":56}},"8":{"start":{"line":37,"column":44},"end":{"line":37,"column":64}},"9":{"start":{"line":38,"column":44},"end":{"line":38,"column":58}},"10":{"start":{"line":39,"column":28},"end":{"line":39,"column":40}},"11":{"start":{"line":42,"column":2},"end":{"line":49,"column":9}},"12":{"start":{"line":44,"column":29},"end":{"line":44,"column":85}},"13":{"start":{"line":45,"column":8},"end":{"line":45,"column":41}},"14":{"start":{"line":46,"column":8},"end":{"line":46,"column":44}},"15":{"start":{"line":48,"column":4},"end":{"line":48,"column":17}},"16":{"start":{"line":51,"column":21},"end":{"line":51,"column":54}},"17":{"start":{"line":53,"column":2},"end":{"line":60,"column":9}},"18":{"start":{"line":55,"column":29},"end":{"line":55,"column":85}},"19":{"start":{"line":56,"column":8},"end":{"line":56,"column":41}},"20":{"start":{"line":57,"column":8},"end":{"line":57,"column":44}},"21":{"start":{"line":59,"column":4},"end":{"line":59,"column":17}},"22":{"start":{"line":62,"column":21},"end":{"line":62,"column":54}},"23":{"start":{"line":65,"column":2},"end":{"line":72,"column":9}},"24":{"start":{"line":67,"column":33},"end":{"line":67,"column":93}},"25":{"start":{"line":68,"column":8},"end":{"line":68,"column":49}},"26":{"start":{"line":69,"column":8},"end":{"line":69,"column":48}},"27":{"start":{"line":71,"column":4},"end":{"line":71,"column":21}},"28":{"start":{"line":74,"column":25},"end":{"line":74,"column":66}},"29":{"start":{"line":76,"column":25},"end":{"line":91,"column":5}},"30":{"start":{"line":77,"column":28},"end":{"line":77,"column":48}},"31":{"start":{"line":78,"column":8},"end":{"line":78,"column":45}},"32":{"start":{"line":80,"column":8},"end":{"line":80,"column":50}},"33":{"start":{"line":80,"column":29},"end":{"line":80,"column":50}},"34":{"start":{"line":81,"column":8},"end":{"line":81,"column":61}},"35":{"start":{"line":81,"column":35},"end":{"line":81,"column":61}},"36":{"start":{"line":82,"column":8},"end":{"line":82,"column":69}},"37":{"start":{"line":82,"column":39},"end":{"line":82,"column":69}},"38":{"start":{"line":84,"column":23},"end":{"line":84,"column":44}},"39":{"start":{"line":85,"column":19},"end":{"line":85,"column":41}},"40":{"start":{"line":86,"column":20},"end":{"line":86,"column":63}},"41":{"start":{"line":87,"column":18},"end":{"line":87,"column":54}},"42":{"start":{"line":88,"column":20},"end":{"line":88,"column":45}},"43":{"start":{"line":90,"column":8},"end":{"line":90,"column":53}},"44":{"start":{"line":94,"column":23},"end":{"line":97,"column":1}},"45":{"start":{"line":95,"column":4},"end":{"line":95,"column":24}},"46":{"start":{"line":96,"column":4},"end":{"line":96,"column":28}},"47":{"start":{"line":100,"column":2},"end":{"line":102,"column":9}},"48":{"start":{"line":101,"column":4},"end":{"line":101,"column":17}},"49":{"start":{"line":104,"column":2},"end":{"line":107,"column":7}},"50":{"start":{"line":105,"column":28},"end":{"line":105,"column":49}},"51":{"start":{"line":106,"column":4},"end":{"line":106,"column":85}},"52":{"start":{"line":106,"column":33},"end":{"line":106,"column":82}},"53":{"start":{"line":109,"column":21},"end":{"line":113,"column":3}},"54":{"start":{"line":110,"column":21},"end":{"line":110,"column":37}},"55":{"start":{"line":111,"column":4},"end":{"line":111,"column":36}},"56":{"start":{"line":112,"column":4},"end":{"line":112,"column":33}},"57":{"start":{"line":115,"column":23},"end":{"line":152,"column":1}},"58":{"start":{"line":116,"column":4},"end":{"line":151,"column":5}},"59":{"start":{"line":118,"column":25},"end":{"line":118,"column":51}},"60":{"start":{"line":119,"column":8},"end":{"line":146,"column":9}},"61":{"start":{"line":120,"column":12},"end":{"line":120,"column":47}},"62":{"start":{"line":122,"column":12},"end":{"line":122,"column":25}},"63":{"start":{"line":123,"column":12},"end":{"line":145,"column":13}},"64":{"start":{"line":124,"column":16},"end":{"line":124,"column":73}},"65":{"start":{"line":125,"column":16},"end":{"line":140,"column":19}},"66":{"start":{"line":143,"column":16},"end":{"line":143,"column":84}},"67":{"start":{"line":144,"column":16},"end":{"line":144,"column":63}},"68":{"start":{"line":149,"column":8},"end":{"line":149,"column":62}},"69":{"start":{"line":150,"column":8},"end":{"line":150,"column":62}},"70":{"start":{"line":156,"column":28},"end":{"line":160,"column":1}},"71":{"start":{"line":157,"column":19},"end":{"line":157,"column":24}},"72":{"start":{"line":158,"column":25},"end":{"line":158,"column":64}},"73":{"start":{"line":159,"column":4},"end":{"line":159,"column":38}},"74":{"start":{"line":162,"column":38},"end":{"line":162,"column":49}},"75":{"start":{"line":163,"column":23},"end":{"line":167,"column":1}},"76":{"start":{"line":164,"column":0},"end":{"line":166,"column":1}},"77":{"start":{"line":165,"column":4},"end":{"line":165,"column":36}},"78":{"start":{"line":169,"column":23},"end":{"line":173,"column":1}},"79":{"start":{"line":170,"column":0},"end":{"line":172,"column":1}},"80":{"start":{"line":171,"column":4},"end":{"line":171,"column":36}},"81":{"start":{"line":175,"column":2},"end":{"line":658,"column":4}},"82":{"start":{"line":203,"column":48},"end":{"line":203,"column":95}},"83":{"start":{"line":226,"column":48},"end":{"line":226,"column":75}},"84":{"start":{"line":227,"column":28},"end":{"line":227,"column":81}},"85":{"start":{"line":267,"column":48},"end":{"line":267,"column":78}},"86":{"start":{"line":268,"column":28},"end":{"line":268,"column":80}},"87":{"start":{"line":292,"column":44},"end":{"line":292,"column":88}},"88":{"start":{"line":316,"column":48},"end":{"line":316,"column":94}},"89":{"start":{"line":323,"column":53},"end":{"line":323,"column":74}},"90":{"start":{"line":341,"column":48},"end":{"line":341,"column":87}},"91":{"start":{"line":349,"column":59},"end":{"line":349,"column":99}},"92":{"start":{"line":386,"column":44},"end":{"line":386,"column":85}},"93":{"start":{"line":410,"column":44},"end":{"line":410,"column":86}},"94":{"start":{"line":430,"column":53},"end":{"line":430,"column":80}},"95":{"start":{"line":448,"column":48},"end":{"line":448,"column":93}},"96":{"start":{"line":456,"column":59},"end":{"line":456,"column":105}},"97":{"start":{"line":465,"column":49},"end":{"line":465,"column":80}},"98":{"start":{"line":483,"column":44},"end":{"line":483,"column":93}},"99":{"start":{"line":491,"column":55},"end":{"line":491,"column":105}},"100":{"start":{"line":521,"column":74},"end":{"line":521,"column":117}},"101":{"start":{"line":522,"column":35},"end":{"line":522,"column":102}},"102":{"start":{"line":540,"column":70},"end":{"line":540,"column":113}},"103":{"start":{"line":541,"column":31},"end":{"line":541,"column":98}},"104":{"start":{"line":559,"column":69},"end":{"line":559,"column":111}},"105":{"start":{"line":560,"column":39},"end":{"line":560,"column":118}},"106":{"start":{"line":593,"column":44},"end":{"line":593,"column":95}},"107":{"start":{"line":617,"column":44},"end":{"line":617,"column":90}},"108":{"start":{"line":650,"column":21},"end":{"line":650,"column":40}}},"fnMap":{"0":{"name":"EmployeeComponent","decl":{"start":{"line":12,"column":24},"end":{"line":12,"column":41}},"loc":{"start":{"line":12,"column":44},"end":{"line":659,"column":1}},"line":12},"1":{"name":"(anonymous_1)","decl":{"start":{"line":42,"column":12},"end":{"line":42,"column":13}},"loc":{"start":{"line":42,"column":18},"end":{"line":49,"column":3}},"line":42},"2":{"name":"fetchRanks","decl":{"start":{"line":43,"column":19},"end":{"line":43,"column":29}},"loc":{"start":{"line":43,"column":32},"end":{"line":47,"column":5}},"line":43},"3":{"name":"(anonymous_3)","decl":{"start":{"line":53,"column":12},"end":{"line":53,"column":13}},"loc":{"start":{"line":53,"column":18},"end":{"line":60,"column":3}},"line":53},"4":{"name":"fetchDepts","decl":{"start":{"line":54,"column":19},"end":{"line":54,"column":29}},"loc":{"start":{"line":54,"column":32},"end":{"line":58,"column":5}},"line":54},"5":{"name":"(anonymous_5)","decl":{"start":{"line":65,"column":12},"end":{"line":65,"column":13}},"loc":{"start":{"line":65,"column":18},"end":{"line":72,"column":3}},"line":65},"6":{"name":"fetchLocations","decl":{"start":{"line":66,"column":19},"end":{"line":66,"column":33}},"loc":{"start":{"line":66,"column":36},"end":{"line":70,"column":5}},"line":66},"7":{"name":"(anonymous_7)","decl":{"start":{"line":76,"column":25},"end":{"line":76,"column":26}},"loc":{"start":{"line":76,"column":57},"end":{"line":91,"column":5}},"line":76},"8":{"name":"(anonymous_8)","decl":{"start":{"line":94,"column":23},"end":{"line":94,"column":24}},"loc":{"start":{"line":94,"column":34},"end":{"line":97,"column":1}},"line":94},"9":{"name":"(anonymous_9)","decl":{"start":{"line":100,"column":12},"end":{"line":100,"column":13}},"loc":{"start":{"line":100,"column":18},"end":{"line":102,"column":3}},"line":100},"10":{"name":"(anonymous_10)","decl":{"start":{"line":104,"column":12},"end":{"line":104,"column":13}},"loc":{"start":{"line":104,"column":18},"end":{"line":107,"column":1}},"line":104},"11":{"name":"(anonymous_11)","decl":{"start":{"line":106,"column":16},"end":{"line":106,"column":17}},"loc":{"start":{"line":106,"column":33},"end":{"line":106,"column":82}},"line":106},"12":{"name":"(anonymous_12)","decl":{"start":{"line":109,"column":21},"end":{"line":109,"column":22}},"loc":{"start":{"line":109,"column":33},"end":{"line":113,"column":3}},"line":109},"13":{"name":"(anonymous_13)","decl":{"start":{"line":115,"column":23},"end":{"line":115,"column":24}},"loc":{"start":{"line":115,"column":35},"end":{"line":152,"column":1}},"line":115},"14":{"name":"(anonymous_14)","decl":{"start":{"line":156,"column":28},"end":{"line":156,"column":29}},"loc":{"start":{"line":156,"column":34},"end":{"line":160,"column":1}},"line":156},"15":{"name":"(anonymous_15)","decl":{"start":{"line":163,"column":23},"end":{"line":163,"column":24}},"loc":{"start":{"line":163,"column":29},"end":{"line":167,"column":1}},"line":163},"16":{"name":"(anonymous_16)","decl":{"start":{"line":169,"column":23},"end":{"line":169,"column":24}},"loc":{"start":{"line":169,"column":29},"end":{"line":173,"column":1}},"line":169},"17":{"name":"(anonymous_17)","decl":{"start":{"line":203,"column":38},"end":{"line":203,"column":39}},"loc":{"start":{"line":203,"column":48},"end":{"line":203,"column":95}},"line":203},"18":{"name":"(anonymous_18)","decl":{"start":{"line":225,"column":38},"end":{"line":225,"column":39}},"loc":{"start":{"line":225,"column":48},"end":{"line":228,"column":25}},"line":225},"19":{"name":"(anonymous_19)","decl":{"start":{"line":266,"column":38},"end":{"line":266,"column":39}},"loc":{"start":{"line":266,"column":48},"end":{"line":269,"column":25}},"line":266},"20":{"name":"(anonymous_20)","decl":{"start":{"line":292,"column":34},"end":{"line":292,"column":35}},"loc":{"start":{"line":292,"column":44},"end":{"line":292,"column":88}},"line":292},"21":{"name":"(anonymous_21)","decl":{"start":{"line":316,"column":38},"end":{"line":316,"column":39}},"loc":{"start":{"line":316,"column":48},"end":{"line":316,"column":94}},"line":316},"22":{"name":"(anonymous_22)","decl":{"start":{"line":323,"column":47},"end":{"line":323,"column":48}},"loc":{"start":{"line":323,"column":53},"end":{"line":323,"column":74}},"line":323},"23":{"name":"(anonymous_23)","decl":{"start":{"line":341,"column":38},"end":{"line":341,"column":39}},"loc":{"start":{"line":341,"column":48},"end":{"line":341,"column":87}},"line":341},"24":{"name":"(anonymous_24)","decl":{"start":{"line":349,"column":34},"end":{"line":349,"column":35}},"loc":{"start":{"line":349,"column":59},"end":{"line":349,"column":99}},"line":349},"25":{"name":"(anonymous_25)","decl":{"start":{"line":386,"column":34},"end":{"line":386,"column":35}},"loc":{"start":{"line":386,"column":44},"end":{"line":386,"column":85}},"line":386},"26":{"name":"(anonymous_26)","decl":{"start":{"line":410,"column":34},"end":{"line":410,"column":35}},"loc":{"start":{"line":410,"column":44},"end":{"line":410,"column":86}},"line":410},"27":{"name":"(anonymous_27)","decl":{"start":{"line":430,"column":47},"end":{"line":430,"column":48}},"loc":{"start":{"line":430,"column":53},"end":{"line":430,"column":80}},"line":430},"28":{"name":"(anonymous_28)","decl":{"start":{"line":448,"column":38},"end":{"line":448,"column":39}},"loc":{"start":{"line":448,"column":48},"end":{"line":448,"column":93}},"line":448},"29":{"name":"(anonymous_29)","decl":{"start":{"line":456,"column":34},"end":{"line":456,"column":35}},"loc":{"start":{"line":456,"column":59},"end":{"line":456,"column":105}},"line":456},"30":{"name":"(anonymous_30)","decl":{"start":{"line":465,"column":43},"end":{"line":465,"column":44}},"loc":{"start":{"line":465,"column":49},"end":{"line":465,"column":80}},"line":465},"31":{"name":"(anonymous_31)","decl":{"start":{"line":483,"column":34},"end":{"line":483,"column":35}},"loc":{"start":{"line":483,"column":44},"end":{"line":483,"column":93}},"line":483},"32":{"name":"(anonymous_32)","decl":{"start":{"line":491,"column":30},"end":{"line":491,"column":31}},"loc":{"start":{"line":491,"column":55},"end":{"line":491,"column":105}},"line":491},"33":{"name":"(anonymous_33)","decl":{"start":{"line":521,"column":63},"end":{"line":521,"column":64}},"loc":{"start":{"line":521,"column":74},"end":{"line":521,"column":117}},"line":521},"34":{"name":"(anonymous_34)","decl":{"start":{"line":522,"column":27},"end":{"line":522,"column":28}},"loc":{"start":{"line":522,"column":35},"end":{"line":522,"column":102}},"line":522},"35":{"name":"(anonymous_35)","decl":{"start":{"line":540,"column":59},"end":{"line":540,"column":60}},"loc":{"start":{"line":540,"column":70},"end":{"line":540,"column":113}},"line":540},"36":{"name":"(anonymous_36)","decl":{"start":{"line":541,"column":23},"end":{"line":541,"column":24}},"loc":{"start":{"line":541,"column":31},"end":{"line":541,"column":98}},"line":541},"37":{"name":"(anonymous_37)","decl":{"start":{"line":559,"column":58},"end":{"line":559,"column":59}},"loc":{"start":{"line":559,"column":69},"end":{"line":559,"column":111}},"line":559},"38":{"name":"(anonymous_38)","decl":{"start":{"line":560,"column":27},"end":{"line":560,"column":28}},"loc":{"start":{"line":560,"column":39},"end":{"line":560,"column":118}},"line":560},"39":{"name":"(anonymous_39)","decl":{"start":{"line":593,"column":34},"end":{"line":593,"column":35}},"loc":{"start":{"line":593,"column":44},"end":{"line":593,"column":95}},"line":593},"40":{"name":"(anonymous_40)","decl":{"start":{"line":617,"column":34},"end":{"line":617,"column":35}},"loc":{"start":{"line":617,"column":44},"end":{"line":617,"column":90}},"line":617},"41":{"name":"(anonymous_41)","decl":{"start":{"line":650,"column":17},"end":{"line":650,"column":18}},"loc":{"start":{"line":650,"column":21},"end":{"line":650,"column":40}},"line":650}},"branchMap":{"0":{"loc":{"start":{"line":51,"column":21},"end":{"line":51,"column":54}},"type":"cond-expr","locations":[{"start":{"line":51,"column":44},"end":{"line":51,"column":49}},{"start":{"line":51,"column":52},"end":{"line":51,"column":54}}],"line":51},"1":{"loc":{"start":{"line":62,"column":21},"end":{"line":62,"column":54}},"type":"cond-expr","locations":[{"start":{"line":62,"column":44},"end":{"line":62,"column":49}},{"start":{"line":62,"column":52},"end":{"line":62,"column":54}}],"line":62},"2":{"loc":{"start":{"line":74,"column":25},"end":{"line":74,"column":66}},"type":"cond-expr","locations":[{"start":{"line":74,"column":52},"end":{"line":74,"column":61}},{"start":{"line":74,"column":64},"end":{"line":74,"column":66}}],"line":74},"3":{"loc":{"start":{"line":77,"column":28},"end":{"line":77,"column":48}},"type":"binary-expr","locations":[{"start":{"line":77,"column":28},"end":{"line":77,"column":40}},{"start":{"line":77,"column":44},"end":{"line":77,"column":48}}],"line":77},"4":{"loc":{"start":{"line":80,"column":8},"end":{"line":80,"column":50}},"type":"if","locations":[{"start":{"line":80,"column":8},"end":{"line":80,"column":50}},{"start":{},"end":{}}],"line":80},"5":{"loc":{"start":{"line":81,"column":8},"end":{"line":81,"column":61}},"type":"if","locations":[{"start":{"line":81,"column":8},"end":{"line":81,"column":61}},{"start":{},"end":{}}],"line":81},"6":{"loc":{"start":{"line":82,"column":8},"end":{"line":82,"column":69}},"type":"if","locations":[{"start":{"line":82,"column":8},"end":{"line":82,"column":69}},{"start":{},"end":{}}],"line":82},"7":{"loc":{"start":{"line":119,"column":8},"end":{"line":146,"column":9}},"type":"if","locations":[{"start":{"line":119,"column":8},"end":{"line":146,"column":9}},{"start":{"line":121,"column":15},"end":{"line":146,"column":9}}],"line":119},"8":{"loc":{"start":{"line":123,"column":12},"end":{"line":145,"column":13}},"type":"if","locations":[{"start":{"line":123,"column":12},"end":{"line":145,"column":13}},{"start":{"line":142,"column":19},"end":{"line":145,"column":13}}],"line":123},"9":{"loc":{"start":{"line":164,"column":0},"end":{"line":166,"column":1}},"type":"if","locations":[{"start":{"line":164,"column":0},"end":{"line":166,"column":1}},{"start":{},"end":{}}],"line":164},"10":{"loc":{"start":{"line":170,"column":0},"end":{"line":172,"column":1}},"type":"if","locations":[{"start":{"line":170,"column":0},"end":{"line":172,"column":1}},{"start":{},"end":{}}],"line":170},"11":{"loc":{"start":{"line":177,"column":5},"end":{"line":239,"column":5}},"type":"binary-expr","locations":[{"start":{"line":177,"column":5},"end":{"line":177,"column":22}},{"start":{"line":178,"column":8},"end":{"line":238,"column":15}}],"line":177},"12":{"loc":{"start":{"line":240,"column":5},"end":{"line":360,"column":5}},"type":"binary-expr","locations":[{"start":{"line":240,"column":5},"end":{"line":240,"column":22}},{"start":{"line":241,"column":8},"end":{"line":359,"column":15}}],"line":240},"13":{"loc":{"start":{"line":344,"column":21},"end":{"line":351,"column":21}},"type":"binary-expr","locations":[{"start":{"line":344,"column":21},"end":{"line":344,"column":31}},{"start":{"line":344,"column":35},"end":{"line":344,"column":58}},{"start":{"line":345,"column":24},"end":{"line":350,"column":26}}],"line":344},"14":{"loc":{"start":{"line":361,"column":5},"end":{"line":419,"column":5}},"type":"binary-expr","locations":[{"start":{"line":361,"column":5},"end":{"line":361,"column":22}},{"start":{"line":362,"column":8},"end":{"line":418,"column":15}}],"line":361},"15":{"loc":{"start":{"line":420,"column":5},"end":{"line":501,"column":5}},"type":"binary-expr","locations":[{"start":{"line":420,"column":5},"end":{"line":420,"column":22}},{"start":{"line":421,"column":8},"end":{"line":500,"column":15}}],"line":420},"16":{"loc":{"start":{"line":451,"column":21},"end":{"line":458,"column":21}},"type":"binary-expr","locations":[{"start":{"line":451,"column":21},"end":{"line":451,"column":31}},{"start":{"line":451,"column":35},"end":{"line":451,"column":64}},{"start":{"line":452,"column":24},"end":{"line":457,"column":26}}],"line":451},"17":{"loc":{"start":{"line":486,"column":17},"end":{"line":493,"column":17}},"type":"binary-expr","locations":[{"start":{"line":486,"column":17},"end":{"line":486,"column":27}},{"start":{"line":486,"column":31},"end":{"line":486,"column":64}},{"start":{"line":487,"column":20},"end":{"line":492,"column":22}}],"line":486},"18":{"loc":{"start":{"line":502,"column":5},"end":{"line":567,"column":5}},"type":"binary-expr","locations":[{"start":{"line":502,"column":5},"end":{"line":502,"column":22}},{"start":{"line":503,"column":8},"end":{"line":566,"column":13}}],"line":502},"19":{"loc":{"start":{"line":568,"column":5},"end":{"line":641,"column":5}},"type":"binary-expr","locations":[{"start":{"line":568,"column":5},"end":{"line":568,"column":22}},{"start":{"line":569,"column":8},"end":{"line":640,"column":15}}],"line":568},"20":{"loc":{"start":{"line":625,"column":13},"end":{"line":625,"column":89}},"type":"cond-expr","locations":[{"start":{"line":625,"column":21},"end":{"line":625,"column":82}},{"start":{"line":625,"column":85},"end":{"line":625,"column":89}}],"line":625}},"s":{"0":0,"1":0,"2":0,"3":0,"4":0,"5":0,"6":0,"7":0,"8":0,"9":0,"10":0,"11":0,"12":0,"13":0,"14":0,"15":0,"16":0,"17":0,"18":0,"19":0,"20":0,"21":0,"22":0,"23":0,"24":0,"25":0,"26":0,"27":0,"28":0,"29":0,"30":0,"31":0,"32":0,"33":0,"34":0,"35":0,"36":0,"37":0,"38":0,"39":0,"40":0,"41":0,"42":0,"43":0,"44":0,"45":0,"46":0,"47":0,"48":0,"49":0,"50":0,"51":0,"52":0,"53":0,"54":0,"55":0,"56":0,"57":0,"58":0,"59":0,"60":0,"61":0,"62":0,"63":0,"64":0,"65":0,"66":0,"67":0,"68":0,"69":0,"70":0,"71":0,"72":0,"73":0,"74":0,"75":0,"76":0,"77":0,"78":0,"79":0,"80":0,"81":0,"82":0,"83":0,"84":0,"85":0,"86":0,"87":0,"88":0,"89":0,"90":0,"91":0,"92":0,"93":0,"94":0,"95":0,"96":0,"97":0,"98":0,"99":0,"100":0,"101":0,"102":0,"103":0,"104":0,"105":0,"106":0,"107":0,"108":0},"f":{"0":0,"1":0,"2":0,"3":0,"4":0,"5":0,"6":0,"7":0,"8":0,"9":0,"10":0,"11":0,"12":0,"13":0,"14":0,"15":0,"16":0,"17":0,"18":0,"19":0,"20":0,"21":0,"22":0,"23":0,"24":0,"25":0,"26":0,"27":0,"28":0,"29":0,"30":0,"31":0,"32":0,"33":0,"34":0,"35":0,"36":0,"37":0,"38":0,"39":0,"40":0,"41":0},"b":{"0":[0,0],"1":[0,0],"2":[0,0],"3":[0,0],"4":[0,0],"5":[0,0],"6":[0,0],"7":[0,0],"8":[0,0],"9":[0,0],"10":[0,0],"11":[0,0],"12":[0,0],"13":[0,0,0],"14":[0,0],"15":[0,0],"16":[0,0,0],"17":[0,0,0],"18":[0,0],"19":[0,0],"20":[0,0]}}
,"C:\\Users\\Admin\\Desktop\\Mobile developmet with react\\CIDEmp\\components\\Employee\\emp.jsx": {"path":"C:\\Users\\Admin\\Desktop\\Mobile developmet with react\\CIDEmp\\components\\Employee\\emp.jsx","statementMap":{"0":{"start":{"line":12,"column":17},"end":{"line":12,"column":28}},"1":{"start":{"line":13,"column":28},"end":{"line":13,"column":40}},"2":{"start":{"line":14,"column":42},"end":{"line":14,"column":57}},"3":{"start":{"line":15,"column":42},"end":{"line":15,"column":56}},"4":{"start":{"line":16,"column":54},"end":{"line":16,"column":69}},"5":{"start":{"line":17,"column":34},"end":{"line":33,"column":4}},"6":{"start":{"line":35,"column":40},"end":{"line":35,"column":51}},"7":{"start":{"line":37,"column":28},"end":{"line":37,"column":40}},"8":{"start":{"line":38,"column":28},"end":{"line":38,"column":40}},"9":{"start":{"line":39,"column":36},"end":{"line":39,"column":48}},"10":{"start":{"line":40,"column":38},"end":{"line":40,"column":53}},"11":{"start":{"line":41,"column":26},"end":{"line":41,"column":46}},"12":{"start":{"line":42,"column":36},"end":{"line":42,"column":56}},"13":{"start":{"line":43,"column":44},"end":{"line":43,"column":64}},"14":{"start":{"line":44,"column":44},"end":{"line":44,"column":58}},"15":{"start":{"line":46,"column":2},"end":{"line":52,"column":9}},"16":{"start":{"line":48,"column":27},"end":{"line":48,"column":83}},"17":{"start":{"line":49,"column":6},"end":{"line":49,"column":39}},"18":{"start":{"line":51,"column":4},"end":{"line":51,"column":17}},"19":{"start":{"line":54,"column":2},"end":{"line":60,"column":9}},"20":{"start":{"line":56,"column":27},"end":{"line":56,"column":83}},"21":{"start":{"line":57,"column":6},"end":{"line":57,"column":39}},"22":{"start":{"line":59,"column":4},"end":{"line":59,"column":17}},"23":{"start":{"line":62,"column":2},"end":{"line":68,"column":9}},"24":{"start":{"line":64,"column":31},"end":{"line":64,"column":91}},"25":{"start":{"line":65,"column":6},"end":{"line":65,"column":47}},"26":{"start":{"line":67,"column":4},"end":{"line":67,"column":21}},"27":{"start":{"line":70,"column":23},"end":{"line":85,"column":3}},"28":{"start":{"line":71,"column":24},"end":{"line":71,"column":44}},"29":{"start":{"line":72,"column":4},"end":{"line":72,"column":41}},"30":{"start":{"line":74,"column":4},"end":{"line":74,"column":46}},"31":{"start":{"line":74,"column":25},"end":{"line":74,"column":46}},"32":{"start":{"line":75,"column":4},"end":{"line":75,"column":57}},"33":{"start":{"line":75,"column":31},"end":{"line":75,"column":57}},"34":{"start":{"line":76,"column":4},"end":{"line":76,"column":65}},"35":{"start":{"line":76,"column":35},"end":{"line":76,"column":65}},"36":{"start":{"line":78,"column":19},"end":{"line":78,"column":40}},"37":{"start":{"line":79,"column":15},"end":{"line":79,"column":37}},"38":{"start":{"line":80,"column":16},"end":{"line":80,"column":59}},"39":{"start":{"line":81,"column":14},"end":{"line":81,"column":50}},"40":{"start":{"line":82,"column":16},"end":{"line":82,"column":41}},"41":{"start":{"line":84,"column":4},"end":{"line":84,"column":49}},"42":{"start":{"line":87,"column":25},"end":{"line":90,"column":1}},"43":{"start":{"line":88,"column":4},"end":{"line":88,"column":24}},"44":{"start":{"line":89,"column":4},"end":{"line":89,"column":28}},"45":{"start":{"line":93,"column":2},"end":{"line":95,"column":9}},"46":{"start":{"line":94,"column":4},"end":{"line":94,"column":17}},"47":{"start":{"line":98,"column":21},"end":{"line":101,"column":3}},"48":{"start":{"line":99,"column":21},"end":{"line":99,"column":37}},"49":{"start":{"line":100,"column":4},"end":{"line":100,"column":33}},"50":{"start":{"line":104,"column":24},"end":{"line":107,"column":3}},"51":{"start":{"line":105,"column":4},"end":{"line":105,"column":26}},"52":{"start":{"line":106,"column":4},"end":{"line":106,"column":32}},"53":{"start":{"line":109,"column":23},"end":{"line":115,"column":3}},"54":{"start":{"line":110,"column":4},"end":{"line":114,"column":5}},"55":{"start":{"line":111,"column":6},"end":{"line":111,"column":40}},"56":{"start":{"line":112,"column":6},"end":{"line":112,"column":35}},"57":{"start":{"line":113,"column":6},"end":{"line":113,"column":19}},"58":{"start":{"line":117,"column":21},"end":{"line":137,"column":3}},"59":{"start":{"line":118,"column":4},"end":{"line":118,"column":26}},"60":{"start":{"line":119,"column":4},"end":{"line":134,"column":7}},"61":{"start":{"line":135,"column":4},"end":{"line":135,"column":22}},"62":{"start":{"line":136,"column":4},"end":{"line":136,"column":26}},"63":{"start":{"line":139,"column":25},"end":{"line":177,"column":3}},"64":{"start":{"line":140,"column":4},"end":{"line":140,"column":31}},"65":{"start":{"line":141,"column":4},"end":{"line":141,"column":27}},"66":{"start":{"line":142,"column":4},"end":{"line":142,"column":17}},"67":{"start":{"line":143,"column":4},"end":{"line":176,"column":5}},"68":{"start":{"line":144,"column":6},"end":{"line":144,"column":53}},"69":{"start":{"line":146,"column":23},"end":{"line":146,"column":49}},"70":{"start":{"line":148,"column":6},"end":{"line":172,"column":7}},"71":{"start":{"line":149,"column":10},"end":{"line":149,"column":67}},"72":{"start":{"line":151,"column":10},"end":{"line":166,"column":13}},"73":{"start":{"line":167,"column":9},"end":{"line":167,"column":73}},"74":{"start":{"line":170,"column":10},"end":{"line":170,"column":72}},"75":{"start":{"line":171,"column":10},"end":{"line":171,"column":68}},"76":{"start":{"line":174,"column":8},"end":{"line":174,"column":62}},"77":{"start":{"line":175,"column":8},"end":{"line":175,"column":62}},"78":{"start":{"line":179,"column":21},"end":{"line":513,"column":3}},"79":{"start":{"line":180,"column":4},"end":{"line":512,"column":5}},"80":{"start":{"line":182,"column":8},"end":{"line":237,"column":10}},"81":{"start":{"line":201,"column":90},"end":{"line":201,"column":135}},"82":{"start":{"line":218,"column":88},"end":{"line":218,"column":132}},"83":{"start":{"line":235,"column":92},"end":{"line":235,"column":138}},"84":{"start":{"line":239,"column":8},"end":{"line":277,"column":10}},"85":{"start":{"line":258,"column":83},"end":{"line":258,"column":125}},"86":{"start":{"line":275,"column":83},"end":{"line":275,"column":124}},"87":{"start":{"line":279,"column":8},"end":{"line":340,"column":10}},"88":{"start":{"line":298,"column":70},"end":{"line":298,"column":111}},"89":{"start":{"line":299,"column":33},"end":{"line":299,"column":106}},"90":{"start":{"line":317,"column":69},"end":{"line":317,"column":110}},"91":{"start":{"line":318,"column":33},"end":{"line":318,"column":106}},"92":{"start":{"line":336,"column":74},"end":{"line":336,"column":119}},"93":{"start":{"line":337,"column":41},"end":{"line":337,"column":126}},"94":{"start":{"line":342,"column":8},"end":{"line":409,"column":10}},"95":{"start":{"line":348,"column":47},"end":{"line":348,"column":68}},"96":{"start":{"line":365,"column":44},"end":{"line":365,"column":83}},"97":{"start":{"line":373,"column":53},"end":{"line":373,"column":93}},"98":{"start":{"line":380,"column":47},"end":{"line":380,"column":74}},"99":{"start":{"line":397,"column":44},"end":{"line":397,"column":89}},"100":{"start":{"line":405,"column":53},"end":{"line":405,"column":99}},"101":{"start":{"line":411,"column":8},"end":{"line":455,"column":10}},"102":{"start":{"line":430,"column":89},"end":{"line":430,"column":134}},"103":{"start":{"line":451,"column":48},"end":{"line":451,"column":95}},"104":{"start":{"line":457,"column":8},"end":{"line":509,"column":10}},"105":{"start":{"line":463,"column":49},"end":{"line":463,"column":80}},"106":{"start":{"line":480,"column":44},"end":{"line":480,"column":93}},"107":{"start":{"line":488,"column":55},"end":{"line":488,"column":105}},"108":{"start":{"line":507,"column":101},"end":{"line":507,"column":152}},"109":{"start":{"line":511,"column":8},"end":{"line":511,"column":20}},"110":{"start":{"line":515,"column":25},"end":{"line":519,"column":3}},"111":{"start":{"line":516,"column":4},"end":{"line":518,"column":5}},"112":{"start":{"line":517,"column":6},"end":{"line":517,"column":38}},"113":{"start":{"line":521,"column":25},"end":{"line":525,"column":3}},"114":{"start":{"line":522,"column":4},"end":{"line":524,"column":5}},"115":{"start":{"line":523,"column":6},"end":{"line":523,"column":38}},"116":{"start":{"line":527,"column":2},"end":{"line":671,"column":4}},"117":{"start":{"line":548,"column":36},"end":{"line":548,"column":54}},"118":{"start":{"line":550,"column":12},"end":{"line":615,"column":19}},"119":{"start":{"line":594,"column":35},"end":{"line":594,"column":54}},"120":{"start":{"line":608,"column":35},"end":{"line":608,"column":51}},"121":{"start":{"line":666,"column":50},"end":{"line":666,"column":78}}},"fnMap":{"0":{"name":"emp","decl":{"start":{"line":11,"column":24},"end":{"line":11,"column":27}},"loc":{"start":{"line":11,"column":30},"end":{"line":672,"column":1}},"line":11},"1":{"name":"(anonymous_1)","decl":{"start":{"line":46,"column":12},"end":{"line":46,"column":13}},"loc":{"start":{"line":46,"column":18},"end":{"line":52,"column":3}},"line":46},"2":{"name":"fetchRanks","decl":{"start":{"line":47,"column":19},"end":{"line":47,"column":29}},"loc":{"start":{"line":47,"column":32},"end":{"line":50,"column":5}},"line":47},"3":{"name":"(anonymous_3)","decl":{"start":{"line":54,"column":12},"end":{"line":54,"column":13}},"loc":{"start":{"line":54,"column":18},"end":{"line":60,"column":3}},"line":54},"4":{"name":"fetchDepts","decl":{"start":{"line":55,"column":19},"end":{"line":55,"column":29}},"loc":{"start":{"line":55,"column":32},"end":{"line":58,"column":5}},"line":55},"5":{"name":"(anonymous_5)","decl":{"start":{"line":62,"column":12},"end":{"line":62,"column":13}},"loc":{"start":{"line":62,"column":18},"end":{"line":68,"column":3}},"line":62},"6":{"name":"fetchLocations","decl":{"start":{"line":63,"column":19},"end":{"line":63,"column":33}},"loc":{"start":{"line":63,"column":36},"end":{"line":66,"column":5}},"line":63},"7":{"name":"(anonymous_7)","decl":{"start":{"line":70,"column":23},"end":{"line":70,"column":24}},"loc":{"start":{"line":70,"column":55},"end":{"line":85,"column":3}},"line":70},"8":{"name":"(anonymous_8)","decl":{"start":{"line":87,"column":25},"end":{"line":87,"column":26}},"loc":{"start":{"line":87,"column":36},"end":{"line":90,"column":1}},"line":87},"9":{"name":"(anonymous_9)","decl":{"start":{"line":93,"column":12},"end":{"line":93,"column":13}},"loc":{"start":{"line":93,"column":18},"end":{"line":95,"column":3}},"line":93},"10":{"name":"(anonymous_10)","decl":{"start":{"line":98,"column":21},"end":{"line":98,"column":22}},"loc":{"start":{"line":98,"column":33},"end":{"line":101,"column":3}},"line":98},"11":{"name":"(anonymous_11)","decl":{"start":{"line":104,"column":24},"end":{"line":104,"column":25}},"loc":{"start":{"line":104,"column":34},"end":{"line":107,"column":3}},"line":104},"12":{"name":"(anonymous_12)","decl":{"start":{"line":109,"column":23},"end":{"line":109,"column":24}},"loc":{"start":{"line":109,"column":35},"end":{"line":115,"column":3}},"line":109},"13":{"name":"(anonymous_13)","decl":{"start":{"line":117,"column":21},"end":{"line":117,"column":22}},"loc":{"start":{"line":117,"column":31},"end":{"line":137,"column":3}},"line":117},"14":{"name":"(anonymous_14)","decl":{"start":{"line":139,"column":25},"end":{"line":139,"column":26}},"loc":{"start":{"line":139,"column":37},"end":{"line":177,"column":3}},"line":139},"15":{"name":"(anonymous_15)","decl":{"start":{"line":179,"column":21},"end":{"line":179,"column":22}},"loc":{"start":{"line":179,"column":27},"end":{"line":513,"column":3}},"line":179},"16":{"name":"(anonymous_16)","decl":{"start":{"line":201,"column":80},"end":{"line":201,"column":81}},"loc":{"start":{"line":201,"column":90},"end":{"line":201,"column":135}},"line":201},"17":{"name":"(anonymous_17)","decl":{"start":{"line":218,"column":78},"end":{"line":218,"column":79}},"loc":{"start":{"line":218,"column":88},"end":{"line":218,"column":132}},"line":218},"18":{"name":"(anonymous_18)","decl":{"start":{"line":235,"column":82},"end":{"line":235,"column":83}},"loc":{"start":{"line":235,"column":92},"end":{"line":235,"column":138}},"line":235},"19":{"name":"(anonymous_19)","decl":{"start":{"line":258,"column":73},"end":{"line":258,"column":74}},"loc":{"start":{"line":258,"column":83},"end":{"line":258,"column":125}},"line":258},"20":{"name":"(anonymous_20)","decl":{"start":{"line":275,"column":73},"end":{"line":275,"column":74}},"loc":{"start":{"line":275,"column":83},"end":{"line":275,"column":124}},"line":275},"21":{"name":"(anonymous_21)","decl":{"start":{"line":298,"column":59},"end":{"line":298,"column":60}},"loc":{"start":{"line":298,"column":70},"end":{"line":298,"column":111}},"line":298},"22":{"name":"(anonymous_22)","decl":{"start":{"line":299,"column":25},"end":{"line":299,"column":26}},"loc":{"start":{"line":299,"column":33},"end":{"line":299,"column":106}},"line":299},"23":{"name":"(anonymous_23)","decl":{"start":{"line":317,"column":58},"end":{"line":317,"column":59}},"loc":{"start":{"line":317,"column":69},"end":{"line":317,"column":110}},"line":317},"24":{"name":"(anonymous_24)","decl":{"start":{"line":318,"column":25},"end":{"line":318,"column":26}},"loc":{"start":{"line":318,"column":33},"end":{"line":318,"column":106}},"line":318},"25":{"name":"(anonymous_25)","decl":{"start":{"line":336,"column":63},"end":{"line":336,"column":64}},"loc":{"start":{"line":336,"column":74},"end":{"line":336,"column":119}},"line":336},"26":{"name":"(anonymous_26)","decl":{"start":{"line":337,"column":29},"end":{"line":337,"column":30}},"loc":{"start":{"line":337,"column":41},"end":{"line":337,"column":126}},"line":337},"27":{"name":"(anonymous_27)","decl":{"start":{"line":348,"column":41},"end":{"line":348,"column":42}},"loc":{"start":{"line":348,"column":47},"end":{"line":348,"column":68}},"line":348},"28":{"name":"(anonymous_28)","decl":{"start":{"line":365,"column":34},"end":{"line":365,"column":35}},"loc":{"start":{"line":365,"column":44},"end":{"line":365,"column":83}},"line":365},"29":{"name":"(anonymous_29)","decl":{"start":{"line":373,"column":28},"end":{"line":373,"column":29}},"loc":{"start":{"line":373,"column":53},"end":{"line":373,"column":93}},"line":373},"30":{"name":"(anonymous_30)","decl":{"start":{"line":380,"column":41},"end":{"line":380,"column":42}},"loc":{"start":{"line":380,"column":47},"end":{"line":380,"column":74}},"line":380},"31":{"name":"(anonymous_31)","decl":{"start":{"line":397,"column":34},"end":{"line":397,"column":35}},"loc":{"start":{"line":397,"column":44},"end":{"line":397,"column":89}},"line":397},"32":{"name":"(anonymous_32)","decl":{"start":{"line":405,"column":28},"end":{"line":405,"column":29}},"loc":{"start":{"line":405,"column":53},"end":{"line":405,"column":99}},"line":405},"33":{"name":"(anonymous_33)","decl":{"start":{"line":430,"column":79},"end":{"line":430,"column":80}},"loc":{"start":{"line":430,"column":89},"end":{"line":430,"column":134}},"line":430},"34":{"name":"(anonymous_34)","decl":{"start":{"line":451,"column":38},"end":{"line":451,"column":39}},"loc":{"start":{"line":451,"column":48},"end":{"line":451,"column":95}},"line":451},"35":{"name":"(anonymous_35)","decl":{"start":{"line":463,"column":43},"end":{"line":463,"column":44}},"loc":{"start":{"line":463,"column":49},"end":{"line":463,"column":80}},"line":463},"36":{"name":"(anonymous_36)","decl":{"start":{"line":480,"column":34},"end":{"line":480,"column":35}},"loc":{"start":{"line":480,"column":44},"end":{"line":480,"column":93}},"line":480},"37":{"name":"(anonymous_37)","decl":{"start":{"line":488,"column":30},"end":{"line":488,"column":31}},"loc":{"start":{"line":488,"column":55},"end":{"line":488,"column":105}},"line":488},"38":{"name":"(anonymous_38)","decl":{"start":{"line":507,"column":91},"end":{"line":507,"column":92}},"loc":{"start":{"line":507,"column":101},"end":{"line":507,"column":152}},"line":507},"39":{"name":"(anonymous_39)","decl":{"start":{"line":515,"column":25},"end":{"line":515,"column":26}},"loc":{"start":{"line":515,"column":31},"end":{"line":519,"column":3}},"line":515},"40":{"name":"(anonymous_40)","decl":{"start":{"line":521,"column":25},"end":{"line":521,"column":26}},"loc":{"start":{"line":521,"column":31},"end":{"line":525,"column":3}},"line":521},"41":{"name":"(anonymous_41)","decl":{"start":{"line":548,"column":26},"end":{"line":548,"column":27}},"loc":{"start":{"line":548,"column":36},"end":{"line":548,"column":54}},"line":548},"42":{"name":"(anonymous_42)","decl":{"start":{"line":549,"column":24},"end":{"line":549,"column":25}},"loc":{"start":{"line":550,"column":12},"end":{"line":615,"column":19}},"line":550},"43":{"name":"(anonymous_43)","decl":{"start":{"line":594,"column":29},"end":{"line":594,"column":30}},"loc":{"start":{"line":594,"column":35},"end":{"line":594,"column":54}},"line":594},"44":{"name":"(anonymous_44)","decl":{"start":{"line":608,"column":29},"end":{"line":608,"column":30}},"loc":{"start":{"line":608,"column":35},"end":{"line":608,"column":51}},"line":608},"45":{"name":"(anonymous_45)","decl":{"start":{"line":666,"column":44},"end":{"line":666,"column":45}},"loc":{"start":{"line":666,"column":50},"end":{"line":666,"column":78}},"line":666}},"branchMap":{"0":{"loc":{"start":{"line":71,"column":24},"end":{"line":71,"column":44}},"type":"binary-expr","locations":[{"start":{"line":71,"column":24},"end":{"line":71,"column":36}},{"start":{"line":71,"column":40},"end":{"line":71,"column":44}}],"line":71},"1":{"loc":{"start":{"line":74,"column":4},"end":{"line":74,"column":46}},"type":"if","locations":[{"start":{"line":74,"column":4},"end":{"line":74,"column":46}},{"start":{},"end":{}}],"line":74},"2":{"loc":{"start":{"line":75,"column":4},"end":{"line":75,"column":57}},"type":"if","locations":[{"start":{"line":75,"column":4},"end":{"line":75,"column":57}},{"start":{},"end":{}}],"line":75},"3":{"loc":{"start":{"line":76,"column":4},"end":{"line":76,"column":65}},"type":"if","locations":[{"start":{"line":76,"column":4},"end":{"line":76,"column":65}},{"start":{},"end":{}}],"line":76},"4":{"loc":{"start":{"line":110,"column":4},"end":{"line":114,"column":5}},"type":"if","locations":[{"start":{"line":110,"column":4},"end":{"line":114,"column":5}},{"start":{},"end":{}}],"line":110},"5":{"loc":{"start":{"line":148,"column":6},"end":{"line":172,"column":7}},"type":"if","locations":[{"start":{"line":148,"column":6},"end":{"line":172,"column":7}},{"start":{"line":169,"column":13},"end":{"line":172,"column":7}}],"line":148},"6":{"loc":{"start":{"line":180,"column":4},"end":{"line":512,"column":5}},"type":"switch","locations":[{"start":{"line":181,"column":6},"end":{"line":237,"column":10}},{"start":{"line":238,"column":6},"end":{"line":277,"column":10}},{"start":{"line":278,"column":6},"end":{"line":340,"column":10}},{"start":{"line":341,"column":6},"end":{"line":409,"column":10}},{"start":{"line":410,"column":6},"end":{"line":455,"column":10}},{"start":{"line":456,"column":6},"end":{"line":509,"column":10}},{"start":{"line":510,"column":6},"end":{"line":511,"column":20}}],"line":180},"7":{"loc":{"start":{"line":368,"column":15},"end":{"line":375,"column":15}},"type":"binary-expr","locations":[{"start":{"line":368,"column":15},"end":{"line":368,"column":25}},{"start":{"line":368,"column":29},"end":{"line":368,"column":52}},{"start":{"line":369,"column":18},"end":{"line":374,"column":20}}],"line":368},"8":{"loc":{"start":{"line":400,"column":15},"end":{"line":407,"column":15}},"type":"binary-expr","locations":[{"start":{"line":400,"column":15},"end":{"line":400,"column":25}},{"start":{"line":400,"column":29},"end":{"line":400,"column":58}},{"start":{"line":401,"column":18},"end":{"line":406,"column":20}}],"line":400},"9":{"loc":{"start":{"line":483,"column":17},"end":{"line":490,"column":17}},"type":"binary-expr","locations":[{"start":{"line":483,"column":17},"end":{"line":483,"column":27}},{"start":{"line":483,"column":31},"end":{"line":483,"column":64}},{"start":{"line":484,"column":20},"end":{"line":489,"column":22}}],"line":483},"10":{"loc":{"start":{"line":516,"column":4},"end":{"line":518,"column":5}},"type":"if","locations":[{"start":{"line":516,"column":4},"end":{"line":518,"column":5}},{"start":{},"end":{}}],"line":516},"11":{"loc":{"start":{"line":522,"column":4},"end":{"line":524,"column":5}},"type":"if","locations":[{"start":{"line":522,"column":4},"end":{"line":524,"column":5}},{"start":{},"end":{}}],"line":522},"12":{"loc":{"start":{"line":630,"column":13},"end":{"line":656,"column":13}},"type":"binary-expr","locations":[{"start":{"line":630,"column":13},"end":{"line":630,"column":30}},{"start":{"line":631,"column":14},"end":{"line":655,"column":31}}],"line":630}},"s":{"0":0,"1":0,"2":0,"3":0,"4":0,"5":0,"6":0,"7":0,"8":0,"9":0,"10":0,"11":0,"12":0,"13":0,"14":0,"15":0,"16":0,"17":0,"18":0,"19":0,"20":0,"21":0,"22":0,"23":0,"24":0,"25":0,"26":0,"27":0,"28":0,"29":0,"30":0,"31":0,"32":0,"33":0,"34":0,"35":0,"36":0,"37":0,"38":0,"39":0,"40":0,"41":0,"42":0,"43":0,"44":0,"45":0,"46":0,"47":0,"48":0,"49":0,"50":0,"51":0,"52":0,"53":0,"54":0,"55":0,"56":0,"57":0,"58":0,"59":0,"60":0,"61":0,"62":0,"63":0,"64":0,"65":0,"66":0,"67":0,"68":0,"69":0,"70":0,"71":0,"72":0,"73":0,"74":0,"75":0,"76":0,"77":0,"78":0,"79":0,"80":0,"81":0,"82":0,"83":0,"84":0,"85":0,"86":0,"87":0,"88":0,"89":0,"90":0,"91":0,"92":0,"93":0,"94":0,"95":0,"96":0,"97":0,"98":0,"99":0,"100":0,"101":0,"102":0,"103":0,"104":0,"105":0,"106":0,"107":0,"108":0,"109":0,"110":0,"111":0,"112":0,"113":0,"114":0,"115":0,"116":0,"117":0,"118":0,"119":0,"120":0,"121":0},"f":{"0":0,"1":0,"2":0,"3":0,"4":0,"5":0,"6":0,"7":0,"8":0,"9":0,"10":0,"11":0,"12":0,"13":0,"14":0,"15":0,"16":0,"17":0,"18":0,"19":0,"20":0,"21":0,"22":0,"23":0,"24":0,"25":0,"26":0,"27":0,"28":0,"29":0,"30":0,"31":0,"32":0,"33":0,"34":0,"35":0,"36":0,"37":0,"38":0,"39":0,"40":0,"41":0,"42":0,"43":0,"44":0,"45":0},"b":{"0":[0,0],"1":[0,0],"2":[0,0],"3":[0,0],"4":[0,0],"5":[0,0],"6":[0,0,0,0,0,0,0],"7":[0,0,0],"8":[0,0,0],"9":[0,0,0],"10":[0,0],"11":[0,0],"12":[0,0]}}
,"C:\\Users\\Admin\\Desktop\\Mobile developmet with react\\CIDEmp\\components\\Home\\Header.jsx": {"path":"C:\\Users\\Admin\\Desktop\\Mobile developmet with react\\CIDEmp\\components\\Home\\Header.jsx","statementMap":{"0":{"start":{"line":8,"column":17},"end":{"line":8,"column":28}},"1":{"start":{"line":9,"column":19},"end":{"line":9,"column":32}},"2":{"start":{"line":11,"column":22},"end":{"line":11,"column":45}},"3":{"start":{"line":13,"column":2},"end":{"line":43,"column":4}},"4":{"start":{"line":18,"column":43},"end":{"line":18,"column":56}},"5":{"start":{"line":47,"column":15},"end":{"line":84,"column":2}}},"fnMap":{"0":{"name":"Header","decl":{"start":{"line":7,"column":24},"end":{"line":7,"column":30}},"loc":{"start":{"line":7,"column":33},"end":{"line":44,"column":1}},"line":7},"1":{"name":"(anonymous_1)","decl":{"start":{"line":18,"column":37},"end":{"line":18,"column":38}},"loc":{"start":{"line":18,"column":43},"end":{"line":18,"column":56}},"line":18}},"branchMap":{"0":{"loc":{"start":{"line":17,"column":9},"end":{"line":21,"column":9}},"type":"binary-expr","locations":[{"start":{"line":17,"column":9},"end":{"line":17,"column":21}},{"start":{"line":18,"column":10},"end":{"line":20,"column":29}}],"line":17}},"s":{"0":0,"1":0,"2":0,"3":0,"4":0,"5":0},"f":{"0":0,"1":0},"b":{"0":[0,0]}}
,"C:\\Users\\Admin\\Desktop\\Mobile developmet with react\\CIDEmp\\components\\Home\\PopularRanks.jsx": {"path":"C:\\Users\\Admin\\Desktop\\Mobile developmet with react\\CIDEmp\\components\\Home\\PopularRanks.jsx","statementMap":{"0":{"start":{"line":5,"column":33},"end":{"line":5,"column":45}},"1":{"start":{"line":7,"column":4},"end":{"line":9,"column":9}},"2":{"start":{"line":8,"column":8},"end":{"line":8,"column":22}},"3":{"start":{"line":11,"column":22},"end":{"line":14,"column":5}},"4":{"start":{"line":12,"column":8},"end":{"line":12,"column":24}},"5":{"start":{"line":13,"column":8},"end":{"line":13,"column":48}},"6":{"start":{"line":13,"column":26},"end":{"line":13,"column":46}},"7":{"start":{"line":16,"column":2},"end":{"line":77,"column":3}}},"fnMap":{"0":{"name":"PopularRanks","decl":{"start":{"line":4,"column":24},"end":{"line":4,"column":36}},"loc":{"start":{"line":4,"column":45},"end":{"line":78,"column":1}},"line":4},"1":{"name":"(anonymous_1)","decl":{"start":{"line":7,"column":14},"end":{"line":7,"column":15}},"loc":{"start":{"line":7,"column":18},"end":{"line":9,"column":5}},"line":7},"2":{"name":"(anonymous_2)","decl":{"start":{"line":11,"column":22},"end":{"line":11,"column":23}},"loc":{"start":{"line":11,"column":31},"end":{"line":14,"column":5}},"line":11},"3":{"name":"(anonymous_3)","decl":{"start":{"line":13,"column":20},"end":{"line":13,"column":21}},"loc":{"start":{"line":13,"column":26},"end":{"line":13,"column":46}},"line":13}},"branchMap":{},"s":{"0":0,"1":0,"2":0,"3":0,"4":0,"5":0,"6":0,"7":0},"f":{"0":0,"1":0,"2":0,"3":0},"b":{}}
,"C:\\Users\\Admin\\Desktop\\Mobile developmet with react\\CIDEmp\\components\\Home\\Slider.jsx": {"path":"C:\\Users\\Admin\\Desktop\\Mobile developmet with react\\CIDEmp\\components\\Home\\Slider.jsx","statementMap":{"0":{"start":{"line":6,"column":17},"end":{"line":6,"column":28}},"1":{"start":{"line":8,"column":2},"end":{"line":79,"column":4}},"2":{"start":{"line":17,"column":27},"end":{"line":17,"column":47}},"3":{"start":{"line":32,"column":27},"end":{"line":32,"column":53}},"4":{"start":{"line":49,"column":27},"end":{"line":49,"column":51}},"5":{"start":{"line":64,"column":27},"end":{"line":64,"column":51}},"6":{"start":{"line":82,"column":15},"end":{"line":128,"column":2}}},"fnMap":{"0":{"name":"Slider","decl":{"start":{"line":5,"column":24},"end":{"line":5,"column":30}},"loc":{"start":{"line":5,"column":33},"end":{"line":80,"column":1}},"line":5},"1":{"name":"(anonymous_1)","decl":{"start":{"line":17,"column":21},"end":{"line":17,"column":22}},"loc":{"start":{"line":17,"column":27},"end":{"line":17,"column":47}},"line":17},"2":{"name":"(anonymous_2)","decl":{"start":{"line":32,"column":21},"end":{"line":32,"column":22}},"loc":{"start":{"line":32,"column":27},"end":{"line":32,"column":53}},"line":32},"3":{"name":"(anonymous_3)","decl":{"start":{"line":49,"column":21},"end":{"line":49,"column":22}},"loc":{"start":{"line":49,"column":27},"end":{"line":49,"column":51}},"line":49},"4":{"name":"(anonymous_4)","decl":{"start":{"line":64,"column":21},"end":{"line":64,"column":22}},"loc":{"start":{"line":64,"column":27},"end":{"line":64,"column":51}},"line":64}},"branchMap":{},"s":{"0":0,"1":0,"2":0,"3":0,"4":0,"5":0,"6":0},"f":{"0":0,"1":0,"2":0,"3":0,"4":0},"b":{}}
,"C:\\Users\\Admin\\Desktop\\Mobile developmet with react\\CIDEmp\\components\\Location\\LocationComponent.jsx": {"path":"C:\\Users\\Admin\\Desktop\\Mobile developmet with react\\CIDEmp\\components\\Location\\LocationComponent.jsx","statementMap":{"0":{"start":{"line":8,"column":17},"end":{"line":8,"column":28}},"1":{"start":{"line":9,"column":34},"end":{"line":9,"column":46}},"2":{"start":{"line":10,"column":28},"end":{"line":10,"column":40}},"3":{"start":{"line":11,"column":42},"end":{"line":11,"column":57}},"4":{"start":{"line":12,"column":42},"end":{"line":12,"column":56}},"5":{"start":{"line":13,"column":32},"end":{"line":13,"column":44}},"6":{"start":{"line":14,"column":54},"end":{"line":14,"column":69}},"7":{"start":{"line":16,"column":2},"end":{"line":18,"column":9}},"8":{"start":{"line":17,"column":4},"end":{"line":17,"column":17}},"9":{"start":{"line":20,"column":21},"end":{"line":24,"column":3}},"10":{"start":{"line":21,"column":21},"end":{"line":21,"column":37}},"11":{"start":{"line":22,"column":4},"end":{"line":22,"column":36}},"12":{"start":{"line":23,"column":4},"end":{"line":23,"column":33}},"13":{"start":{"line":26,"column":23},"end":{"line":31,"column":3}},"14":{"start":{"line":27,"column":4},"end":{"line":27,"column":26}},"15":{"start":{"line":28,"column":4},"end":{"line":28,"column":35}},"16":{"start":{"line":29,"column":4},"end":{"line":29,"column":20}},"17":{"start":{"line":30,"column":4},"end":{"line":30,"column":17}},"18":{"start":{"line":33,"column":24},"end":{"line":36,"column":3}},"19":{"start":{"line":34,"column":4},"end":{"line":34,"column":26}},"20":{"start":{"line":35,"column":4},"end":{"line":35,"column":32}},"21":{"start":{"line":38,"column":23},"end":{"line":44,"column":3}},"22":{"start":{"line":39,"column":4},"end":{"line":43,"column":5}},"23":{"start":{"line":40,"column":6},"end":{"line":40,"column":40}},"24":{"start":{"line":41,"column":6},"end":{"line":41,"column":35}},"25":{"start":{"line":42,"column":6},"end":{"line":42,"column":19}},"26":{"start":{"line":46,"column":21},"end":{"line":50,"column":3}},"27":{"start":{"line":47,"column":4},"end":{"line":47,"column":26}},"28":{"start":{"line":48,"column":4},"end":{"line":48,"column":33}},"29":{"start":{"line":49,"column":4},"end":{"line":49,"column":26}},"30":{"start":{"line":52,"column":25},"end":{"line":70,"column":3}},"31":{"start":{"line":53,"column":4},"end":{"line":69,"column":5}},"32":{"start":{"line":54,"column":6},"end":{"line":54,"column":46}},"33":{"start":{"line":55,"column":6},"end":{"line":66,"column":9}},"34":{"start":{"line":67,"column":6},"end":{"line":67,"column":29}},"35":{"start":{"line":68,"column":6},"end":{"line":68,"column":19}},"36":{"start":{"line":72,"column":2},"end":{"line":343,"column":4}},"37":{"start":{"line":129,"column":34},"end":{"line":129,"column":52}},"38":{"start":{"line":131,"column":12},"end":{"line":190,"column":19}},"39":{"start":{"line":169,"column":33},"end":{"line":169,"column":52}},"40":{"start":{"line":183,"column":33},"end":{"line":183,"column":49}},"41":{"start":{"line":200,"column":30},"end":{"line":200,"column":52}},"42":{"start":{"line":266,"column":31},"end":{"line":266,"column":53}},"43":{"start":{"line":282,"column":30},"end":{"line":282,"column":58}},"44":{"start":{"line":332,"column":31},"end":{"line":332,"column":59}}},"fnMap":{"0":{"name":"DepartmentComponent","decl":{"start":{"line":7,"column":24},"end":{"line":7,"column":43}},"loc":{"start":{"line":7,"column":46},"end":{"line":344,"column":1}},"line":7},"1":{"name":"(anonymous_1)","decl":{"start":{"line":16,"column":12},"end":{"line":16,"column":13}},"loc":{"start":{"line":16,"column":18},"end":{"line":18,"column":3}},"line":16},"2":{"name":"(anonymous_2)","decl":{"start":{"line":20,"column":21},"end":{"line":20,"column":22}},"loc":{"start":{"line":20,"column":33},"end":{"line":24,"column":3}},"line":20},"3":{"name":"(anonymous_3)","decl":{"start":{"line":26,"column":23},"end":{"line":26,"column":24}},"loc":{"start":{"line":26,"column":35},"end":{"line":31,"column":3}},"line":26},"4":{"name":"(anonymous_4)","decl":{"start":{"line":33,"column":24},"end":{"line":33,"column":25}},"loc":{"start":{"line":33,"column":34},"end":{"line":36,"column":3}},"line":33},"5":{"name":"(anonymous_5)","decl":{"start":{"line":38,"column":23},"end":{"line":38,"column":24}},"loc":{"start":{"line":38,"column":35},"end":{"line":44,"column":3}},"line":38},"6":{"name":"(anonymous_6)","decl":{"start":{"line":46,"column":21},"end":{"line":46,"column":22}},"loc":{"start":{"line":46,"column":31},"end":{"line":50,"column":3}},"line":46},"7":{"name":"(anonymous_7)","decl":{"start":{"line":52,"column":25},"end":{"line":52,"column":26}},"loc":{"start":{"line":52,"column":37},"end":{"line":70,"column":3}},"line":52},"8":{"name":"(anonymous_8)","decl":{"start":{"line":129,"column":24},"end":{"line":129,"column":25}},"loc":{"start":{"line":129,"column":34},"end":{"line":129,"column":52}},"line":129},"9":{"name":"(anonymous_9)","decl":{"start":{"line":130,"column":22},"end":{"line":130,"column":23}},"loc":{"start":{"line":131,"column":12},"end":{"line":190,"column":19}},"line":131},"10":{"name":"(anonymous_10)","decl":{"start":{"line":169,"column":27},"end":{"line":169,"column":28}},"loc":{"start":{"line":169,"column":33},"end":{"line":169,"column":52}},"line":169},"11":{"name":"(anonymous_11)","decl":{"start":{"line":183,"column":27},"end":{"line":183,"column":28}},"loc":{"start":{"line":183,"column":33},"end":{"line":183,"column":49}},"line":183},"12":{"name":"(anonymous_12)","decl":{"start":{"line":200,"column":24},"end":{"line":200,"column":25}},"loc":{"start":{"line":200,"column":30},"end":{"line":200,"column":52}},"line":200},"13":{"name":"(anonymous_13)","decl":{"start":{"line":266,"column":25},"end":{"line":266,"column":26}},"loc":{"start":{"line":266,"column":31},"end":{"line":266,"column":53}},"line":266},"14":{"name":"(anonymous_14)","decl":{"start":{"line":282,"column":24},"end":{"line":282,"column":25}},"loc":{"start":{"line":282,"column":30},"end":{"line":282,"column":58}},"line":282},"15":{"name":"(anonymous_15)","decl":{"start":{"line":332,"column":25},"end":{"line":332,"column":26}},"loc":{"start":{"line":332,"column":31},"end":{"line":332,"column":59}},"line":332}},"branchMap":{"0":{"loc":{"start":{"line":39,"column":4},"end":{"line":43,"column":5}},"type":"if","locations":[{"start":{"line":39,"column":4},"end":{"line":43,"column":5}},{"start":{},"end":{}}],"line":39},"1":{"loc":{"start":{"line":53,"column":4},"end":{"line":69,"column":5}},"type":"if","locations":[{"start":{"line":53,"column":4},"end":{"line":69,"column":5}},{"start":{},"end":{}}],"line":53}},"s":{"0":0,"1":0,"2":0,"3":0,"4":0,"5":0,"6":0,"7":0,"8":0,"9":0,"10":0,"11":0,"12":0,"13":0,"14":0,"15":0,"16":0,"17":0,"18":0,"19":0,"20":0,"21":0,"22":0,"23":0,"24":0,"25":0,"26":0,"27":0,"28":0,"29":0,"30":0,"31":0,"32":0,"33":0,"34":0,"35":0,"36":0,"37":0,"38":0,"39":0,"40":0,"41":0,"42":0,"43":0,"44":0},"f":{"0":0,"1":0,"2":0,"3":0,"4":0,"5":0,"6":0,"7":0,"8":0,"9":0,"10":0,"11":0,"12":0,"13":0,"14":0,"15":0},"b":{"0":[0,0],"1":[0,0]}}
,"C:\\Users\\Admin\\Desktop\\Mobile developmet with react\\CIDEmp\\components\\Rank\\AddRank.jsx": {"path":"C:\\Users\\Admin\\Desktop\\Mobile developmet with react\\CIDEmp\\components\\Rank\\AddRank.jsx","statementMap":{"0":{"start":{"line":8,"column":17},"end":{"line":8,"column":28}},"1":{"start":{"line":9,"column":34},"end":{"line":9,"column":46}},"2":{"start":{"line":10,"column":28},"end":{"line":10,"column":40}},"3":{"start":{"line":11,"column":42},"end":{"line":11,"column":57}},"4":{"start":{"line":12,"column":42},"end":{"line":12,"column":56}},"5":{"start":{"line":13,"column":32},"end":{"line":13,"column":44}},"6":{"start":{"line":14,"column":54},"end":{"line":14,"column":69}},"7":{"start":{"line":16,"column":2},"end":{"line":18,"column":9}},"8":{"start":{"line":17,"column":4},"end":{"line":17,"column":17}},"9":{"start":{"line":20,"column":21},"end":{"line":24,"column":3}},"10":{"start":{"line":21,"column":21},"end":{"line":21,"column":37}},"11":{"start":{"line":22,"column":4},"end":{"line":22,"column":36}},"12":{"start":{"line":23,"column":4},"end":{"line":23,"column":33}},"13":{"start":{"line":26,"column":23},"end":{"line":31,"column":3}},"14":{"start":{"line":27,"column":4},"end":{"line":27,"column":26}},"15":{"start":{"line":28,"column":4},"end":{"line":28,"column":35}},"16":{"start":{"line":29,"column":4},"end":{"line":29,"column":20}},"17":{"start":{"line":30,"column":4},"end":{"line":30,"column":17}},"18":{"start":{"line":33,"column":24},"end":{"line":36,"column":3}},"19":{"start":{"line":34,"column":4},"end":{"line":34,"column":26}},"20":{"start":{"line":35,"column":4},"end":{"line":35,"column":32}},"21":{"start":{"line":38,"column":23},"end":{"line":44,"column":3}},"22":{"start":{"line":39,"column":4},"end":{"line":43,"column":5}},"23":{"start":{"line":40,"column":6},"end":{"line":40,"column":40}},"24":{"start":{"line":41,"column":6},"end":{"line":41,"column":35}},"25":{"start":{"line":42,"column":6},"end":{"line":42,"column":19}},"26":{"start":{"line":46,"column":21},"end":{"line":50,"column":3}},"27":{"start":{"line":47,"column":4},"end":{"line":47,"column":26}},"28":{"start":{"line":48,"column":4},"end":{"line":48,"column":33}},"29":{"start":{"line":49,"column":4},"end":{"line":49,"column":26}},"30":{"start":{"line":52,"column":25},"end":{"line":70,"column":3}},"31":{"start":{"line":53,"column":4},"end":{"line":69,"column":5}},"32":{"start":{"line":54,"column":6},"end":{"line":54,"column":42}},"33":{"start":{"line":55,"column":6},"end":{"line":66,"column":9}},"34":{"start":{"line":67,"column":6},"end":{"line":67,"column":29}},"35":{"start":{"line":68,"column":6},"end":{"line":68,"column":19}},"36":{"start":{"line":72,"column":2},"end":{"line":342,"column":4}},"37":{"start":{"line":128,"column":34},"end":{"line":128,"column":52}},"38":{"start":{"line":130,"column":12},"end":{"line":189,"column":19}},"39":{"start":{"line":168,"column":33},"end":{"line":168,"column":52}},"40":{"start":{"line":182,"column":33},"end":{"line":182,"column":49}},"41":{"start":{"line":199,"column":30},"end":{"line":199,"column":52}},"42":{"start":{"line":265,"column":31},"end":{"line":265,"column":53}},"43":{"start":{"line":281,"column":30},"end":{"line":281,"column":58}},"44":{"start":{"line":331,"column":31},"end":{"line":331,"column":59}}},"fnMap":{"0":{"name":"AddRank","decl":{"start":{"line":7,"column":24},"end":{"line":7,"column":31}},"loc":{"start":{"line":7,"column":34},"end":{"line":343,"column":1}},"line":7},"1":{"name":"(anonymous_1)","decl":{"start":{"line":16,"column":12},"end":{"line":16,"column":13}},"loc":{"start":{"line":16,"column":18},"end":{"line":18,"column":3}},"line":16},"2":{"name":"(anonymous_2)","decl":{"start":{"line":20,"column":21},"end":{"line":20,"column":22}},"loc":{"start":{"line":20,"column":33},"end":{"line":24,"column":3}},"line":20},"3":{"name":"(anonymous_3)","decl":{"start":{"line":26,"column":23},"end":{"line":26,"column":24}},"loc":{"start":{"line":26,"column":35},"end":{"line":31,"column":3}},"line":26},"4":{"name":"(anonymous_4)","decl":{"start":{"line":33,"column":24},"end":{"line":33,"column":25}},"loc":{"start":{"line":33,"column":34},"end":{"line":36,"column":3}},"line":33},"5":{"name":"(anonymous_5)","decl":{"start":{"line":38,"column":23},"end":{"line":38,"column":24}},"loc":{"start":{"line":38,"column":35},"end":{"line":44,"column":3}},"line":38},"6":{"name":"(anonymous_6)","decl":{"start":{"line":46,"column":21},"end":{"line":46,"column":22}},"loc":{"start":{"line":46,"column":31},"end":{"line":50,"column":3}},"line":46},"7":{"name":"(anonymous_7)","decl":{"start":{"line":52,"column":25},"end":{"line":52,"column":26}},"loc":{"start":{"line":52,"column":37},"end":{"line":70,"column":3}},"line":52},"8":{"name":"(anonymous_8)","decl":{"start":{"line":128,"column":24},"end":{"line":128,"column":25}},"loc":{"start":{"line":128,"column":34},"end":{"line":128,"column":52}},"line":128},"9":{"name":"(anonymous_9)","decl":{"start":{"line":129,"column":22},"end":{"line":129,"column":23}},"loc":{"start":{"line":130,"column":12},"end":{"line":189,"column":19}},"line":130},"10":{"name":"(anonymous_10)","decl":{"start":{"line":168,"column":27},"end":{"line":168,"column":28}},"loc":{"start":{"line":168,"column":33},"end":{"line":168,"column":52}},"line":168},"11":{"name":"(anonymous_11)","decl":{"start":{"line":182,"column":27},"end":{"line":182,"column":28}},"loc":{"start":{"line":182,"column":33},"end":{"line":182,"column":49}},"line":182},"12":{"name":"(anonymous_12)","decl":{"start":{"line":199,"column":24},"end":{"line":199,"column":25}},"loc":{"start":{"line":199,"column":30},"end":{"line":199,"column":52}},"line":199},"13":{"name":"(anonymous_13)","decl":{"start":{"line":265,"column":25},"end":{"line":265,"column":26}},"loc":{"start":{"line":265,"column":31},"end":{"line":265,"column":53}},"line":265},"14":{"name":"(anonymous_14)","decl":{"start":{"line":281,"column":24},"end":{"line":281,"column":25}},"loc":{"start":{"line":281,"column":30},"end":{"line":281,"column":58}},"line":281},"15":{"name":"(anonymous_15)","decl":{"start":{"line":331,"column":25},"end":{"line":331,"column":26}},"loc":{"start":{"line":331,"column":31},"end":{"line":331,"column":59}},"line":331}},"branchMap":{"0":{"loc":{"start":{"line":39,"column":4},"end":{"line":43,"column":5}},"type":"if","locations":[{"start":{"line":39,"column":4},"end":{"line":43,"column":5}},{"start":{},"end":{}}],"line":39},"1":{"loc":{"start":{"line":53,"column":4},"end":{"line":69,"column":5}},"type":"if","locations":[{"start":{"line":53,"column":4},"end":{"line":69,"column":5}},{"start":{},"end":{}}],"line":53}},"s":{"0":0,"1":0,"2":0,"3":0,"4":0,"5":0,"6":0,"7":0,"8":0,"9":0,"10":0,"11":0,"12":0,"13":0,"14":0,"15":0,"16":0,"17":0,"18":0,"19":0,"20":0,"21":0,"22":0,"23":0,"24":0,"25":0,"26":0,"27":0,"28":0,"29":0,"30":0,"31":0,"32":0,"33":0,"34":0,"35":0,"36":0,"37":0,"38":0,"39":0,"40":0,"41":0,"42":0,"43":0,"44":0},"f":{"0":0,"1":0,"2":0,"3":0,"4":0,"5":0,"6":0,"7":0,"8":0,"9":0,"10":0,"11":0,"12":0,"13":0,"14":0,"15":0},"b":{"0":[0,0],"1":[0,0]}}
,"C:\\Users\\Admin\\Desktop\\Mobile developmet with react\\CIDEmp\\components\\Rank\\ListRank.jsx": {"path":"C:\\Users\\Admin\\Desktop\\Mobile developmet with react\\CIDEmp\\components\\Rank\\ListRank.jsx","statementMap":{"0":{"start":{"line":5,"column":2},"end":{"line":18,"column":3}}},"fnMap":{"0":{"name":"ListRank","decl":{"start":{"line":4,"column":24},"end":{"line":4,"column":32}},"loc":{"start":{"line":4,"column":35},"end":{"line":19,"column":1}},"line":4}},"branchMap":{},"s":{"0":0},"f":{"0":0},"b":{}}
,"C:\\Users\\Admin\\Desktop\\Mobile developmet with react\\CIDEmp\\components\\api\\ApiURL.jsx": {"path":"C:\\Users\\Admin\\Desktop\\Mobile developmet with react\\CIDEmp\\components\\api\\ApiURL.jsx","statementMap":{"0":{"start":{"line":2,"column":28},"end":{"line":2,"column":76}}},"fnMap":{},"branchMap":{},"s":{"0":0},"f":{},"b":{}}
,"C:\\Users\\Admin\\Desktop\\Mobile developmet with react\\CIDEmp\\components\\api\\deptapi.jsx": {"path":"C:\\Users\\Admin\\Desktop\\Mobile developmet with react\\CIDEmp\\components\\api\\deptapi.jsx","statementMap":{"0":{"start":{"line":5,"column":24},"end":{"line":7,"column":1}},"1":{"start":{"line":6,"column":4},"end":{"line":6,"column":68}},"2":{"start":{"line":9,"column":23},"end":{"line":11,"column":1}},"3":{"start":{"line":10,"column":4},"end":{"line":10,"column":75}},"4":{"start":{"line":13,"column":26},"end":{"line":16,"column":1}},"5":{"start":{"line":14,"column":4},"end":{"line":14,"column":26}},"6":{"start":{"line":15,"column":4},"end":{"line":15,"column":82}},"7":{"start":{"line":18,"column":26},"end":{"line":20,"column":1}},"8":{"start":{"line":19,"column":4},"end":{"line":19,"column":82}},"9":{"start":{"line":22,"column":26},"end":{"line":24,"column":1}},"10":{"start":{"line":23,"column":4},"end":{"line":23,"column":84}}},"fnMap":{"0":{"name":"(anonymous_0)","decl":{"start":{"line":5,"column":24},"end":{"line":5,"column":25}},"loc":{"start":{"line":5,"column":36},"end":{"line":7,"column":1}},"line":5},"1":{"name":"(anonymous_1)","decl":{"start":{"line":9,"column":23},"end":{"line":9,"column":24}},"loc":{"start":{"line":9,"column":37},"end":{"line":11,"column":1}},"line":9},"2":{"name":"(anonymous_2)","decl":{"start":{"line":13,"column":26},"end":{"line":13,"column":27}},"loc":{"start":{"line":13,"column":46},"end":{"line":16,"column":1}},"line":13},"3":{"name":"(anonymous_3)","decl":{"start":{"line":18,"column":26},"end":{"line":18,"column":27}},"loc":{"start":{"line":18,"column":46},"end":{"line":20,"column":1}},"line":18},"4":{"name":"(anonymous_4)","decl":{"start":{"line":22,"column":26},"end":{"line":22,"column":27}},"loc":{"start":{"line":22,"column":40},"end":{"line":24,"column":1}},"line":22}},"branchMap":{},"s":{"0":0,"1":0,"2":0,"3":0,"4":0,"5":0,"6":0,"7":0,"8":0,"9":0,"10":0},"f":{"0":0,"1":0,"2":0,"3":0,"4":0},"b":{}}
,"C:\\Users\\Admin\\Desktop\\Mobile developmet with react\\CIDEmp\\components\\api\\empapi.jsx": {"path":"C:\\Users\\Admin\\Desktop\\Mobile developmet with react\\CIDEmp\\components\\api\\empapi.jsx","statementMap":{"0":{"start":{"line":5,"column":24},"end":{"line":7,"column":1}},"1":{"start":{"line":6,"column":4},"end":{"line":6,"column":67}},"2":{"start":{"line":9,"column":23},"end":{"line":11,"column":1}},"3":{"start":{"line":10,"column":4},"end":{"line":10,"column":74}},"4":{"start":{"line":13,"column":26},"end":{"line":16,"column":1}},"5":{"start":{"line":14,"column":4},"end":{"line":14,"column":26}},"6":{"start":{"line":15,"column":4},"end":{"line":15,"column":81}},"7":{"start":{"line":18,"column":26},"end":{"line":20,"column":1}},"8":{"start":{"line":19,"column":4},"end":{"line":19,"column":81}},"9":{"start":{"line":22,"column":26},"end":{"line":24,"column":1}},"10":{"start":{"line":23,"column":4},"end":{"line":23,"column":83}}},"fnMap":{"0":{"name":"(anonymous_0)","decl":{"start":{"line":5,"column":24},"end":{"line":5,"column":25}},"loc":{"start":{"line":5,"column":36},"end":{"line":7,"column":1}},"line":5},"1":{"name":"(anonymous_1)","decl":{"start":{"line":9,"column":23},"end":{"line":9,"column":24}},"loc":{"start":{"line":9,"column":37},"end":{"line":11,"column":1}},"line":9},"2":{"name":"(anonymous_2)","decl":{"start":{"line":13,"column":26},"end":{"line":13,"column":27}},"loc":{"start":{"line":13,"column":46},"end":{"line":16,"column":1}},"line":13},"3":{"name":"(anonymous_3)","decl":{"start":{"line":18,"column":26},"end":{"line":18,"column":27}},"loc":{"start":{"line":18,"column":46},"end":{"line":20,"column":1}},"line":18},"4":{"name":"(anonymous_4)","decl":{"start":{"line":22,"column":26},"end":{"line":22,"column":27}},"loc":{"start":{"line":22,"column":40},"end":{"line":24,"column":1}},"line":22}},"branchMap":{},"s":{"0":0,"1":0,"2":0,"3":0,"4":0,"5":0,"6":0,"7":0,"8":0,"9":0,"10":0},"f":{"0":0,"1":0,"2":0,"3":0,"4":0},"b":{}}
,"C:\\Users\\Admin\\Desktop\\Mobile developmet with react\\CIDEmp\\components\\api\\locationapi.jsx": {"path":"C:\\Users\\Admin\\Desktop\\Mobile developmet with react\\CIDEmp\\components\\api\\locationapi.jsx","statementMap":{"0":{"start":{"line":5,"column":24},"end":{"line":7,"column":1}},"1":{"start":{"line":6,"column":4},"end":{"line":6,"column":72}},"2":{"start":{"line":9,"column":23},"end":{"line":11,"column":1}},"3":{"start":{"line":10,"column":4},"end":{"line":10,"column":79}},"4":{"start":{"line":13,"column":26},"end":{"line":16,"column":1}},"5":{"start":{"line":14,"column":4},"end":{"line":14,"column":30}},"6":{"start":{"line":15,"column":4},"end":{"line":15,"column":90}},"7":{"start":{"line":18,"column":26},"end":{"line":20,"column":1}},"8":{"start":{"line":19,"column":4},"end":{"line":19,"column":90}},"9":{"start":{"line":22,"column":26},"end":{"line":24,"column":1}},"10":{"start":{"line":23,"column":4},"end":{"line":23,"column":88}}},"fnMap":{"0":{"name":"(anonymous_0)","decl":{"start":{"line":5,"column":24},"end":{"line":5,"column":25}},"loc":{"start":{"line":5,"column":36},"end":{"line":7,"column":1}},"line":5},"1":{"name":"(anonymous_1)","decl":{"start":{"line":9,"column":23},"end":{"line":9,"column":24}},"loc":{"start":{"line":9,"column":37},"end":{"line":11,"column":1}},"line":9},"2":{"name":"(anonymous_2)","decl":{"start":{"line":13,"column":26},"end":{"line":13,"column":27}},"loc":{"start":{"line":13,"column":50},"end":{"line":16,"column":1}},"line":13},"3":{"name":"(anonymous_3)","decl":{"start":{"line":18,"column":26},"end":{"line":18,"column":27}},"loc":{"start":{"line":18,"column":50},"end":{"line":20,"column":1}},"line":18},"4":{"name":"(anonymous_4)","decl":{"start":{"line":22,"column":26},"end":{"line":22,"column":27}},"loc":{"start":{"line":22,"column":40},"end":{"line":24,"column":1}},"line":22}},"branchMap":{},"s":{"0":0,"1":0,"2":0,"3":0,"4":0,"5":0,"6":0,"7":0,"8":0,"9":0,"10":0},"f":{"0":0,"1":0,"2":0,"3":0,"4":0},"b":{}}
,"C:\\Users\\Admin\\Desktop\\Mobile developmet with react\\CIDEmp\\components\\api\\rankapi.jsx": {"path":"C:\\Users\\Admin\\Desktop\\Mobile developmet with react\\CIDEmp\\components\\api\\rankapi.jsx","statementMap":{"0":{"start":{"line":5,"column":24},"end":{"line":8,"column":1}},"1":{"start":{"line":6,"column":4},"end":{"line":6,"column":57}},"2":{"start":{"line":7,"column":4},"end":{"line":7,"column":68}},"3":{"start":{"line":10,"column":23},"end":{"line":12,"column":1}},"4":{"start":{"line":11,"column":4},"end":{"line":11,"column":75}},"5":{"start":{"line":14,"column":26},"end":{"line":17,"column":1}},"6":{"start":{"line":15,"column":4},"end":{"line":15,"column":26}},"7":{"start":{"line":16,"column":4},"end":{"line":16,"column":82}},"8":{"start":{"line":19,"column":26},"end":{"line":21,"column":1}},"9":{"start":{"line":20,"column":4},"end":{"line":20,"column":82}},"10":{"start":{"line":23,"column":26},"end":{"line":25,"column":1}},"11":{"start":{"line":24,"column":4},"end":{"line":24,"column":84}}},"fnMap":{"0":{"name":"(anonymous_0)","decl":{"start":{"line":5,"column":24},"end":{"line":5,"column":25}},"loc":{"start":{"line":5,"column":36},"end":{"line":8,"column":1}},"line":5},"1":{"name":"(anonymous_1)","decl":{"start":{"line":10,"column":23},"end":{"line":10,"column":24}},"loc":{"start":{"line":10,"column":37},"end":{"line":12,"column":1}},"line":10},"2":{"name":"(anonymous_2)","decl":{"start":{"line":14,"column":26},"end":{"line":14,"column":27}},"loc":{"start":{"line":14,"column":46},"end":{"line":17,"column":1}},"line":14},"3":{"name":"(anonymous_3)","decl":{"start":{"line":19,"column":26},"end":{"line":19,"column":27}},"loc":{"start":{"line":19,"column":46},"end":{"line":21,"column":1}},"line":19},"4":{"name":"(anonymous_4)","decl":{"start":{"line":23,"column":26},"end":{"line":23,"column":27}},"loc":{"start":{"line":23,"column":40},"end":{"line":25,"column":1}},"line":23}},"branchMap":{},"s":{"0":0,"1":0,"2":0,"3":0,"4":0,"5":0,"6":0,"7":0,"8":0,"9":0,"10":0,"11":0},"f":{"0":0,"1":0,"2":0,"3":0,"4":0},"b":{}}
,"C:\\Users\\Admin\\Desktop\\Mobile developmet with react\\CIDEmp\\constants\\Colors.ts": {"path":"C:\\Users\\Admin\\Desktop\\Mobile developmet with react\\CIDEmp\\constants\\Colors.ts","statementMap":{"0":{"start":{"line":6,"column":23},"end":{"line":6,"column":32}},"1":{"start":{"line":7,"column":22},"end":{"line":7,"column":28}},"2":{"start":{"line":9,"column":22},"end":{"line":29,"column":1}}},"fnMap":{},"branchMap":{},"s":{"0":1,"1":1,"2":1},"f":{},"b":{},"_coverageSchema":"1a1c01bbd47fc00a2c39e90264f33305004495a9","hash":"4414fd795b7f031b5d4fa2adff11f1638d0adb5d"}
,"C:\\Users\\Admin\\Desktop\\Mobile developmet with react\\CIDEmp\\hooks\\useColorScheme.ts": {"path":"C:\\Users\\Admin\\Desktop\\Mobile developmet with react\\CIDEmp\\hooks\\useColorScheme.ts","statementMap":{},"fnMap":{},"branchMap":{},"s":{},"f":{},"b":{}}
,"C:\\Users\\Admin\\Desktop\\Mobile developmet with react\\CIDEmp\\hooks\\useColorScheme.web.ts": {"path":"C:\\Users\\Admin\\Desktop\\Mobile developmet with react\\CIDEmp\\hooks\\useColorScheme.web.ts","statementMap":{"0":{"start":{"line":7,"column":2},"end":{"line":7,"column":17}}},"fnMap":{"0":{"name":"useColorScheme","decl":{"start":{"line":6,"column":16},"end":{"line":6,"column":30}},"loc":{"start":{"line":6,"column":33},"end":{"line":8,"column":1}},"line":6}},"branchMap":{},"s":{"0":0},"f":{"0":0},"b":{}}
,"C:\\Users\\Admin\\Desktop\\Mobile developmet with react\\CIDEmp\\hooks\\useThemeColor.ts": {"path":"C:\\Users\\Admin\\Desktop\\Mobile developmet with react\\CIDEmp\\hooks\\useThemeColor.ts","statementMap":{"0":{"start":{"line":14,"column":16},"end":{"line":14,"column":43}},"1":{"start":{"line":15,"column":25},"end":{"line":15,"column":37}},"2":{"start":{"line":17,"column":2},"end":{"line":21,"column":3}},"3":{"start":{"line":18,"column":4},"end":{"line":18,"column":26}},"4":{"start":{"line":20,"column":4},"end":{"line":20,"column":36}}},"fnMap":{"0":{"name":"useThemeColor","decl":{"start":{"line":10,"column":16},"end":{"line":10,"column":29}},"loc":{"start":{"line":13,"column":2},"end":{"line":22,"column":1}},"line":13}},"branchMap":{"0":{"loc":{"start":{"line":14,"column":16},"end":{"line":14,"column":43}},"type":"binary-expr","locations":[{"start":{"line":14,"column":16},"end":{"line":14,"column":32}},{"start":{"line":14,"column":36},"end":{"line":14,"column":43}}],"line":14},"1":{"loc":{"start":{"line":17,"column":2},"end":{"line":21,"column":3}},"type":"if","locations":[{"start":{"line":17,"column":2},"end":{"line":21,"column":3}},{"start":{"line":19,"column":9},"end":{"line":21,"column":3}}],"line":17}},"s":{"0":0,"1":0,"2":0,"3":0,"4":0},"f":{"0":0},"b":{"0":[0,0],"1":[0,0]}}
,"C:\\Users\\Admin\\Desktop\\Mobile developmet with react\\CIDEmp\\scripts\\reset-project.js": {"path":"C:\\Users\\Admin\\Desktop\\Mobile developmet with react\\CIDEmp\\scripts\\reset-project.js","statementMap":{"0":{"start":{"line":9,"column":11},"end":{"line":9,"column":24}},"1":{"start":{"line":10,"column":13},"end":{"line":10,"column":28}},"2":{"start":{"line":12,"column":13},"end":{"line":12,"column":26}},"3":{"start":{"line":13,"column":19},"end":{"line":13,"column":41}},"4":{"start":{"line":14,"column":19},"end":{"line":14,"column":49}},"5":{"start":{"line":15,"column":22},"end":{"line":15,"column":44}},"6":{"start":{"line":17,"column":21},"end":{"line":32,"column":1}},"7":{"start":{"line":34,"column":22},"end":{"line":43,"column":1}},"8":{"start":{"line":45,"column":0},"end":{"line":73,"column":3}},"9":{"start":{"line":46,"column":2},"end":{"line":48,"column":3}},"10":{"start":{"line":47,"column":4},"end":{"line":47,"column":63}},"11":{"start":{"line":49,"column":2},"end":{"line":49,"column":45}},"12":{"start":{"line":51,"column":2},"end":{"line":72,"column":5}},"13":{"start":{"line":52,"column":4},"end":{"line":54,"column":5}},"14":{"start":{"line":53,"column":6},"end":{"line":53,"column":73}},"15":{"start":{"line":55,"column":4},"end":{"line":55,"column":47}},"16":{"start":{"line":57,"column":22},"end":{"line":57,"column":59}},"17":{"start":{"line":58,"column":4},"end":{"line":71,"column":7}},"18":{"start":{"line":59,"column":6},"end":{"line":61,"column":7}},"19":{"start":{"line":60,"column":8},"end":{"line":60,"column":67}},"20":{"start":{"line":62,"column":6},"end":{"line":62,"column":44}},"21":{"start":{"line":64,"column":25},"end":{"line":64,"column":64}},"22":{"start":{"line":65,"column":6},"end":{"line":70,"column":9}},"23":{"start":{"line":66,"column":8},"end":{"line":68,"column":9}},"24":{"start":{"line":67,"column":10},"end":{"line":67,"column":71}},"25":{"start":{"line":69,"column":8},"end":{"line":69,"column":48}}},"fnMap":{"0":{"name":"(anonymous_0)","decl":{"start":{"line":45,"column":34},"end":{"line":45,"column":35}},"loc":{"start":{"line":45,"column":45},"end":{"line":73,"column":1}},"line":45},"1":{"name":"(anonymous_1)","decl":{"start":{"line":51,"column":47},"end":{"line":51,"column":48}},"loc":{"start":{"line":51,"column":58},"end":{"line":72,"column":3}},"line":51},"2":{"name":"(anonymous_2)","decl":{"start":{"line":58,"column":42},"end":{"line":58,"column":43}},"loc":{"start":{"line":58,"column":53},"end":{"line":71,"column":5}},"line":58},"3":{"name":"(anonymous_3)","decl":{"start":{"line":65,"column":46},"end":{"line":65,"column":47}},"loc":{"start":{"line":65,"column":57},"end":{"line":70,"column":7}},"line":65}},"branchMap":{"0":{"loc":{"start":{"line":46,"column":2},"end":{"line":48,"column":3}},"type":"if","locations":[{"start":{"line":46,"column":2},"end":{"line":48,"column":3}},{"start":{},"end":{}}],"line":46},"1":{"loc":{"start":{"line":52,"column":4},"end":{"line":54,"column":5}},"type":"if","locations":[{"start":{"line":52,"column":4},"end":{"line":54,"column":5}},{"start":{},"end":{}}],"line":52},"2":{"loc":{"start":{"line":59,"column":6},"end":{"line":61,"column":7}},"type":"if","locations":[{"start":{"line":59,"column":6},"end":{"line":61,"column":7}},{"start":{},"end":{}}],"line":59},"3":{"loc":{"start":{"line":66,"column":8},"end":{"line":68,"column":9}},"type":"if","locations":[{"start":{"line":66,"column":8},"end":{"line":68,"column":9}},{"start":{},"end":{}}],"line":66}},"s":{"0":0,"1":0,"2":0,"3":0,"4":0,"5":0,"6":0,"7":0,"8":0,"9":0,"10":0,"11":0,"12":0,"13":0,"14":0,"15":0,"16":0,"17":0,"18":0,"19":0,"20":0,"21":0,"22":0,"23":0,"24":0,"25":0},"f":{"0":0,"1":0,"2":0,"3":0},"b":{"0":[0,0],"1":[0,0],"2":[0,0],"3":[0,0]}}
}
