TN:
SF:app\_layout.jsx
FN:9,RootLayout
FN:18,(anonymous_1)
FN:19,(anonymous_2)
FNF:3
FNH:3
FNDA:3,RootLayout
FNDA:1,(anonymous_1)
FNDA:1,(anonymous_2)
DA:10,3
DA:12,2
DA:18,2
DA:19,1
DA:20,1
DA:22,1
DA:23,1
DA:24,1
DA:27,0
DA:29,0
DA:30,0
DA:31,0
DA:34,0
DA:39,0
DA:40,0
DA:42,0
DA:46,1
DA:49,2
DA:50,2
DA:53,0
LF:20
LH:11
BRDA:22,0,0,1
BRDA:22,0,1,0
BRDA:29,1,0,0
BRDA:29,1,1,0
BRDA:39,2,0,0
BRDA:39,2,1,0
BRDA:49,3,0,2
BRDA:49,3,1,0
BRF:8
BRH:2
end_of_record
TN:
SF:app\emp.jsx
FN:6,emp
FNF:1
FNH:0
FNDA:0,emp
DA:7,0
DA:20,0
LF:2
LH:0
BRF:0
BRH:0
end_of_record
TN:
SF:app\index.tsx
FN:3,Index
FNF:1
FNH:0
FNDA:0,Index
DA:4,0
LF:1
LH:0
BRF:0
BRH:0
end_of_record
TN:
SF:app\(tabs)\_layout.jsx
FN:7,TabLayout
FN:10,(anonymous_1)
FN:13,(anonymous_2)
FN:17,(anonymous_3)
FN:20,(anonymous_4)
FN:38,(anonymous_5)
FN:45,(anonymous_6)
FN:52,(anonymous_7)
FN:59,(anonymous_8)
FN:66,(anonymous_9)
FNF:10
FNH:0
FNDA:0,TabLayout
FNDA:0,(anonymous_1)
FNDA:0,(anonymous_2)
FNDA:0,(anonymous_3)
FNDA:0,(anonymous_4)
FNDA:0,(anonymous_5)
FNDA:0,(anonymous_6)
FNDA:0,(anonymous_7)
FNDA:0,(anonymous_8)
FNDA:0,(anonymous_9)
DA:8,0
DA:10,0
DA:11,0
DA:13,0
DA:15,0
DA:17,0
DA:20,0
DA:21,0
DA:22,0
DA:26,0
DA:38,0
DA:45,0
DA:52,0
DA:59,0
DA:66,0
LF:15
LH:0
BRDA:31,0,0,0
BRDA:31,0,1,0
BRF:2
BRH:0
end_of_record
TN:
SF:app\(tabs)\department.jsx
FN:7,depatrment
FNF:1
FNH:0
FNDA:0,depatrment
DA:8,0
LF:1
LH:0
BRF:0
BRH:0
end_of_record
TN:
SF:app\(tabs)\employee.jsx
FN:6,employee
FNF:1
FNH:0
FNDA:0,employee
DA:7,0
LF:1
LH:0
BRF:0
BRH:0
end_of_record
TN:
SF:app\(tabs)\home.jsx
FN:6,home
FNF:1
FNH:0
FNDA:0,home
DA:7,0
LF:1
LH:0
BRF:0
BRH:0
end_of_record
TN:
SF:app\(tabs)\location.jsx
FN:7,location
FNF:1
FNH:0
FNDA:0,location
DA:8,0
LF:1
LH:0
BRF:0
BRH:0
end_of_record
TN:
SF:app\(tabs)\rank.jsx
FN:6,rank
FNF:1
FNH:0
FNDA:0,rank
DA:7,0
LF:1
LH:0
BRF:0
BRH:0
end_of_record
TN:
SF:components\LoadingScreen.jsx
FN:4,LoadingScreen
FNF:1
FNH:1
FNDA:2,LoadingScreen
DA:5,2
DA:13,1
LF:2
LH:2
BRF:0
BRH:0
end_of_record
TN:
SF:components\LoginScreen.jsx
FN:7,LoginScreen
FN:11,(anonymous_1)
FN:13,(anonymous_2)
FN:21,(anonymous_3)
FNF:4
FNH:0
FNDA:0,LoginScreen
FNDA:0,(anonymous_1)
FNDA:0,(anonymous_2)
FNDA:0,(anonymous_3)
DA:8,0
DA:9,0
DA:11,0
DA:13,0
DA:14,0
DA:15,0
DA:18,0
DA:21,0
DA:22,0
DA:23,0
DA:24,0
DA:27,0
DA:29,0
DA:30,0
DA:31,0
DA:34,0
DA:39,0
DA:40,0
DA:42,0
DA:44,0
DA:48,0
DA:71,1
LF:22
LH:1
BRDA:22,0,0,0
BRDA:22,0,1,0
BRDA:29,1,0,0
BRDA:29,1,1,0
BRDA:39,2,0,0
BRDA:39,2,1,0
BRF:6
BRH:0
end_of_record
TN:
SF:components\Department\DepartmentComponent.jsx
FN:7,DepartmentComponent
FN:16,(anonymous_1)
FN:20,(anonymous_2)
FN:26,(anonymous_3)
FN:33,(anonymous_4)
FN:38,(anonymous_5)
FN:46,(anonymous_6)
FN:52,(anonymous_7)
FN:100,(anonymous_8)
FN:101,(anonymous_9)
FN:109,(anonymous_10)
FN:117,(anonymous_11)
FN:134,(anonymous_12)
FN:158,(anonymous_13)
FN:174,(anonymous_14)
FN:192,(anonymous_15)
FNF:16
FNH:0
FNDA:0,DepartmentComponent
FNDA:0,(anonymous_1)
FNDA:0,(anonymous_2)
FNDA:0,(anonymous_3)
FNDA:0,(anonymous_4)
FNDA:0,(anonymous_5)
FNDA:0,(anonymous_6)
FNDA:0,(anonymous_7)
FNDA:0,(anonymous_8)
FNDA:0,(anonymous_9)
FNDA:0,(anonymous_10)
FNDA:0,(anonymous_11)
FNDA:0,(anonymous_12)
FNDA:0,(anonymous_13)
FNDA:0,(anonymous_14)
FNDA:0,(anonymous_15)
DA:8,0
DA:9,0
DA:10,0
DA:11,0
DA:12,0
DA:13,0
DA:14,0
DA:16,0
DA:17,0
DA:20,0
DA:21,0
DA:22,0
DA:23,0
DA:26,0
DA:27,0
DA:28,0
DA:29,0
DA:30,0
DA:33,0
DA:34,0
DA:35,0
DA:38,0
DA:39,0
DA:40,0
DA:41,0
DA:42,0
DA:46,0
DA:47,0
DA:48,0
DA:49,0
DA:52,0
DA:53,0
DA:54,0
DA:55,0
DA:67,0
DA:68,0
DA:72,0
DA:100,0
DA:102,0
DA:109,0
DA:117,0
DA:134,0
DA:158,0
DA:174,0
DA:192,0
DA:207,0
LF:46
LH:0
BRDA:39,0,0,0
BRDA:39,0,1,0
BRDA:53,1,0,0
BRDA:53,1,1,0
BRF:4
BRH:0
end_of_record
TN:
SF:components\Employee\EmpComponent.jsx
FN:12,EmployeeComponent
FN:42,(anonymous_1)
FN:43,fetchRanks
FN:53,(anonymous_3)
FN:54,fetchDepts
FN:65,(anonymous_5)
FN:66,fetchLocations
FN:76,(anonymous_7)
FN:94,(anonymous_8)
FN:100,(anonymous_9)
FN:104,(anonymous_10)
FN:106,(anonymous_11)
FN:109,(anonymous_12)
FN:115,(anonymous_13)
FN:156,(anonymous_14)
FN:163,(anonymous_15)
FN:169,(anonymous_16)
FN:203,(anonymous_17)
FN:225,(anonymous_18)
FN:266,(anonymous_19)
FN:292,(anonymous_20)
FN:316,(anonymous_21)
FN:323,(anonymous_22)
FN:341,(anonymous_23)
FN:349,(anonymous_24)
FN:386,(anonymous_25)
FN:410,(anonymous_26)
FN:430,(anonymous_27)
FN:448,(anonymous_28)
FN:456,(anonymous_29)
FN:465,(anonymous_30)
FN:483,(anonymous_31)
FN:491,(anonymous_32)
FN:521,(anonymous_33)
FN:522,(anonymous_34)
FN:540,(anonymous_35)
FN:541,(anonymous_36)
FN:559,(anonymous_37)
FN:560,(anonymous_38)
FN:593,(anonymous_39)
FN:617,(anonymous_40)
FN:650,(anonymous_41)
FNF:42
FNH:0
FNDA:0,EmployeeComponent
FNDA:0,(anonymous_1)
FNDA:0,fetchRanks
FNDA:0,(anonymous_3)
FNDA:0,fetchDepts
FNDA:0,(anonymous_5)
FNDA:0,fetchLocations
FNDA:0,(anonymous_7)
FNDA:0,(anonymous_8)
FNDA:0,(anonymous_9)
FNDA:0,(anonymous_10)
FNDA:0,(anonymous_11)
FNDA:0,(anonymous_12)
FNDA:0,(anonymous_13)
FNDA:0,(anonymous_14)
FNDA:0,(anonymous_15)
FNDA:0,(anonymous_16)
FNDA:0,(anonymous_17)
FNDA:0,(anonymous_18)
FNDA:0,(anonymous_19)
FNDA:0,(anonymous_20)
FNDA:0,(anonymous_21)
FNDA:0,(anonymous_22)
FNDA:0,(anonymous_23)
FNDA:0,(anonymous_24)
FNDA:0,(anonymous_25)
FNDA:0,(anonymous_26)
FNDA:0,(anonymous_27)
FNDA:0,(anonymous_28)
FNDA:0,(anonymous_29)
FNDA:0,(anonymous_30)
FNDA:0,(anonymous_31)
FNDA:0,(anonymous_32)
FNDA:0,(anonymous_33)
FNDA:0,(anonymous_34)
FNDA:0,(anonymous_35)
FNDA:0,(anonymous_36)
FNDA:0,(anonymous_37)
FNDA:0,(anonymous_38)
FNDA:0,(anonymous_39)
FNDA:0,(anonymous_40)
FNDA:0,(anonymous_41)
DA:13,0
DA:14,0
DA:31,0
DA:32,0
DA:33,0
DA:34,0
DA:35,0
DA:36,0
DA:37,0
DA:38,0
DA:39,0
DA:42,0
DA:44,0
DA:45,0
DA:46,0
DA:48,0
DA:51,0
DA:53,0
DA:55,0
DA:56,0
DA:57,0
DA:59,0
DA:62,0
DA:65,0
DA:67,0
DA:68,0
DA:69,0
DA:71,0
DA:74,0
DA:76,0
DA:77,0
DA:78,0
DA:80,0
DA:81,0
DA:82,0
DA:84,0
DA:85,0
DA:86,0
DA:87,0
DA:88,0
DA:90,0
DA:94,0
DA:95,0
DA:96,0
DA:100,0
DA:101,0
DA:104,0
DA:105,0
DA:106,0
DA:109,0
DA:110,0
DA:111,0
DA:112,0
DA:115,0
DA:116,0
DA:118,0
DA:119,0
DA:120,0
DA:122,0
DA:123,0
DA:124,0
DA:125,0
DA:143,0
DA:144,0
DA:149,0
DA:150,0
DA:156,0
DA:157,0
DA:158,0
DA:159,0
DA:162,0
DA:163,0
DA:164,0
DA:165,0
DA:169,0
DA:170,0
DA:171,0
DA:175,0
DA:203,0
DA:226,0
DA:227,0
DA:267,0
DA:268,0
DA:292,0
DA:316,0
DA:323,0
DA:341,0
DA:349,0
DA:386,0
DA:410,0
DA:430,0
DA:448,0
DA:456,0
DA:465,0
DA:483,0
DA:491,0
DA:521,0
DA:522,0
DA:540,0
DA:541,0
DA:559,0
DA:560,0
DA:593,0
DA:617,0
DA:650,0
LF:105
LH:0
BRDA:51,0,0,0
BRDA:51,0,1,0
BRDA:62,1,0,0
BRDA:62,1,1,0
BRDA:74,2,0,0
BRDA:74,2,1,0
BRDA:77,3,0,0
BRDA:77,3,1,0
BRDA:80,4,0,0
BRDA:80,4,1,0
BRDA:81,5,0,0
BRDA:81,5,1,0
BRDA:82,6,0,0
BRDA:82,6,1,0
BRDA:119,7,0,0
BRDA:119,7,1,0
BRDA:123,8,0,0
BRDA:123,8,1,0
BRDA:164,9,0,0
BRDA:164,9,1,0
BRDA:170,10,0,0
BRDA:170,10,1,0
BRDA:177,11,0,0
BRDA:177,11,1,0
BRDA:240,12,0,0
BRDA:240,12,1,0
BRDA:344,13,0,0
BRDA:344,13,1,0
BRDA:344,13,2,0
BRDA:361,14,0,0
BRDA:361,14,1,0
BRDA:420,15,0,0
BRDA:420,15,1,0
BRDA:451,16,0,0
BRDA:451,16,1,0
BRDA:451,16,2,0
BRDA:486,17,0,0
BRDA:486,17,1,0
BRDA:486,17,2,0
BRDA:502,18,0,0
BRDA:502,18,1,0
BRDA:568,19,0,0
BRDA:568,19,1,0
BRDA:625,20,0,0
BRDA:625,20,1,0
BRF:45
BRH:0
end_of_record
TN:
SF:components\Employee\emp.jsx
FN:11,emp
FN:46,(anonymous_1)
FN:47,fetchRanks
FN:54,(anonymous_3)
FN:55,fetchDepts
FN:62,(anonymous_5)
FN:63,fetchLocations
FN:70,(anonymous_7)
FN:87,(anonymous_8)
FN:93,(anonymous_9)
FN:98,(anonymous_10)
FN:104,(anonymous_11)
FN:109,(anonymous_12)
FN:117,(anonymous_13)
FN:139,(anonymous_14)
FN:179,(anonymous_15)
FN:201,(anonymous_16)
FN:218,(anonymous_17)
FN:235,(anonymous_18)
FN:258,(anonymous_19)
FN:275,(anonymous_20)
FN:298,(anonymous_21)
FN:299,(anonymous_22)
FN:317,(anonymous_23)
FN:318,(anonymous_24)
FN:336,(anonymous_25)
FN:337,(anonymous_26)
FN:348,(anonymous_27)
FN:365,(anonymous_28)
FN:373,(anonymous_29)
FN:380,(anonymous_30)
FN:397,(anonymous_31)
FN:405,(anonymous_32)
FN:430,(anonymous_33)
FN:451,(anonymous_34)
FN:463,(anonymous_35)
FN:480,(anonymous_36)
FN:488,(anonymous_37)
FN:507,(anonymous_38)
FN:515,(anonymous_39)
FN:521,(anonymous_40)
FN:548,(anonymous_41)
FN:549,(anonymous_42)
FN:594,(anonymous_43)
FN:608,(anonymous_44)
FN:666,(anonymous_45)
FNF:46
FNH:0
FNDA:0,emp
FNDA:0,(anonymous_1)
FNDA:0,fetchRanks
FNDA:0,(anonymous_3)
FNDA:0,fetchDepts
FNDA:0,(anonymous_5)
FNDA:0,fetchLocations
FNDA:0,(anonymous_7)
FNDA:0,(anonymous_8)
FNDA:0,(anonymous_9)
FNDA:0,(anonymous_10)
FNDA:0,(anonymous_11)
FNDA:0,(anonymous_12)
FNDA:0,(anonymous_13)
FNDA:0,(anonymous_14)
FNDA:0,(anonymous_15)
FNDA:0,(anonymous_16)
FNDA:0,(anonymous_17)
FNDA:0,(anonymous_18)
FNDA:0,(anonymous_19)
FNDA:0,(anonymous_20)
FNDA:0,(anonymous_21)
FNDA:0,(anonymous_22)
FNDA:0,(anonymous_23)
FNDA:0,(anonymous_24)
FNDA:0,(anonymous_25)
FNDA:0,(anonymous_26)
FNDA:0,(anonymous_27)
FNDA:0,(anonymous_28)
FNDA:0,(anonymous_29)
FNDA:0,(anonymous_30)
FNDA:0,(anonymous_31)
FNDA:0,(anonymous_32)
FNDA:0,(anonymous_33)
FNDA:0,(anonymous_34)
FNDA:0,(anonymous_35)
FNDA:0,(anonymous_36)
FNDA:0,(anonymous_37)
FNDA:0,(anonymous_38)
FNDA:0,(anonymous_39)
FNDA:0,(anonymous_40)
FNDA:0,(anonymous_41)
FNDA:0,(anonymous_42)
FNDA:0,(anonymous_43)
FNDA:0,(anonymous_44)
FNDA:0,(anonymous_45)
DA:12,0
DA:13,0
DA:14,0
DA:15,0
DA:16,0
DA:17,0
DA:35,0
DA:37,0
DA:38,0
DA:39,0
DA:40,0
DA:41,0
DA:42,0
DA:43,0
DA:44,0
DA:46,0
DA:48,0
DA:49,0
DA:51,0
DA:54,0
DA:56,0
DA:57,0
DA:59,0
DA:62,0
DA:64,0
DA:65,0
DA:67,0
DA:70,0
DA:71,0
DA:72,0
DA:74,0
DA:75,0
DA:76,0
DA:78,0
DA:79,0
DA:80,0
DA:81,0
DA:82,0
DA:84,0
DA:87,0
DA:88,0
DA:89,0
DA:93,0
DA:94,0
DA:98,0
DA:99,0
DA:100,0
DA:104,0
DA:105,0
DA:106,0
DA:109,0
DA:110,0
DA:111,0
DA:112,0
DA:113,0
DA:117,0
DA:118,0
DA:119,0
DA:135,0
DA:136,0
DA:139,0
DA:140,0
DA:141,0
DA:142,0
DA:143,0
DA:144,0
DA:146,0
DA:148,0
DA:149,0
DA:151,0
DA:167,0
DA:170,0
DA:171,0
DA:174,0
DA:175,0
DA:179,0
DA:180,0
DA:182,0
DA:201,0
DA:218,0
DA:235,0
DA:239,0
DA:258,0
DA:275,0
DA:279,0
DA:298,0
DA:299,0
DA:317,0
DA:318,0
DA:336,0
DA:337,0
DA:342,0
DA:348,0
DA:365,0
DA:373,0
DA:380,0
DA:397,0
DA:405,0
DA:411,0
DA:430,0
DA:451,0
DA:457,0
DA:463,0
DA:480,0
DA:488,0
DA:507,0
DA:511,0
DA:515,0
DA:516,0
DA:517,0
DA:521,0
DA:522,0
DA:523,0
DA:527,0
DA:548,0
DA:550,0
DA:594,0
DA:608,0
DA:666,0
LF:119
LH:0
BRDA:71,0,0,0
BRDA:71,0,1,0
BRDA:74,1,0,0
BRDA:74,1,1,0
BRDA:75,2,0,0
BRDA:75,2,1,0
BRDA:76,3,0,0
BRDA:76,3,1,0
BRDA:110,4,0,0
BRDA:110,4,1,0
BRDA:148,5,0,0
BRDA:148,5,1,0
BRDA:180,6,0,0
BRDA:180,6,1,0
BRDA:180,6,2,0
BRDA:180,6,3,0
BRDA:180,6,4,0
BRDA:180,6,5,0
BRDA:180,6,6,0
BRDA:368,7,0,0
BRDA:368,7,1,0
BRDA:368,7,2,0
BRDA:400,8,0,0
BRDA:400,8,1,0
BRDA:400,8,2,0
BRDA:483,9,0,0
BRDA:483,9,1,0
BRDA:483,9,2,0
BRDA:516,10,0,0
BRDA:516,10,1,0
BRDA:522,11,0,0
BRDA:522,11,1,0
BRDA:630,12,0,0
BRDA:630,12,1,0
BRF:34
BRH:0
end_of_record
TN:
SF:components\Home\Header.jsx
FN:7,Header
FN:18,(anonymous_1)
FNF:2
FNH:0
FNDA:0,Header
FNDA:0,(anonymous_1)
DA:8,0
DA:9,0
DA:11,0
DA:13,0
DA:18,0
DA:47,0
LF:6
LH:0
BRDA:17,0,0,0
BRDA:17,0,1,0
BRF:2
BRH:0
end_of_record
TN:
SF:components\Home\PopularRanks.jsx
FN:4,PopularRanks
FN:7,(anonymous_1)
FN:11,(anonymous_2)
FN:13,(anonymous_3)
FNF:4
FNH:0
FNDA:0,PopularRanks
FNDA:0,(anonymous_1)
FNDA:0,(anonymous_2)
FNDA:0,(anonymous_3)
DA:5,0
DA:7,0
DA:8,0
DA:11,0
DA:12,0
DA:13,0
DA:16,0
LF:7
LH:0
BRF:0
BRH:0
end_of_record
TN:
SF:components\Home\Slider.jsx
FN:5,Slider
FN:17,(anonymous_1)
FN:32,(anonymous_2)
FN:49,(anonymous_3)
FN:64,(anonymous_4)
FNF:5
FNH:0
FNDA:0,Slider
FNDA:0,(anonymous_1)
FNDA:0,(anonymous_2)
FNDA:0,(anonymous_3)
FNDA:0,(anonymous_4)
DA:6,0
DA:8,0
DA:17,0
DA:32,0
DA:49,0
DA:64,0
DA:82,0
LF:7
LH:0
BRF:0
BRH:0
end_of_record
TN:
SF:components\Location\LocationComponent.jsx
FN:7,DepartmentComponent
FN:16,(anonymous_1)
FN:20,(anonymous_2)
FN:26,(anonymous_3)
FN:33,(anonymous_4)
FN:38,(anonymous_5)
FN:46,(anonymous_6)
FN:52,(anonymous_7)
FN:129,(anonymous_8)
FN:130,(anonymous_9)
FN:169,(anonymous_10)
FN:183,(anonymous_11)
FN:200,(anonymous_12)
FN:266,(anonymous_13)
FN:282,(anonymous_14)
FN:332,(anonymous_15)
FNF:16
FNH:0
FNDA:0,DepartmentComponent
FNDA:0,(anonymous_1)
FNDA:0,(anonymous_2)
FNDA:0,(anonymous_3)
FNDA:0,(anonymous_4)
FNDA:0,(anonymous_5)
FNDA:0,(anonymous_6)
FNDA:0,(anonymous_7)
FNDA:0,(anonymous_8)
FNDA:0,(anonymous_9)
FNDA:0,(anonymous_10)
FNDA:0,(anonymous_11)
FNDA:0,(anonymous_12)
FNDA:0,(anonymous_13)
FNDA:0,(anonymous_14)
FNDA:0,(anonymous_15)
DA:8,0
DA:9,0
DA:10,0
DA:11,0
DA:12,0
DA:13,0
DA:14,0
DA:16,0
DA:17,0
DA:20,0
DA:21,0
DA:22,0
DA:23,0
DA:26,0
DA:27,0
DA:28,0
DA:29,0
DA:30,0
DA:33,0
DA:34,0
DA:35,0
DA:38,0
DA:39,0
DA:40,0
DA:41,0
DA:42,0
DA:46,0
DA:47,0
DA:48,0
DA:49,0
DA:52,0
DA:53,0
DA:54,0
DA:55,0
DA:67,0
DA:68,0
DA:72,0
DA:129,0
DA:131,0
DA:169,0
DA:183,0
DA:200,0
DA:266,0
DA:282,0
DA:332,0
LF:45
LH:0
BRDA:39,0,0,0
BRDA:39,0,1,0
BRDA:53,1,0,0
BRDA:53,1,1,0
BRF:4
BRH:0
end_of_record
TN:
SF:components\Rank\AddRank.jsx
FN:7,AddRank
FN:16,(anonymous_1)
FN:20,(anonymous_2)
FN:26,(anonymous_3)
FN:33,(anonymous_4)
FN:38,(anonymous_5)
FN:46,(anonymous_6)
FN:52,(anonymous_7)
FN:128,(anonymous_8)
FN:129,(anonymous_9)
FN:168,(anonymous_10)
FN:182,(anonymous_11)
FN:199,(anonymous_12)
FN:265,(anonymous_13)
FN:281,(anonymous_14)
FN:331,(anonymous_15)
FNF:16
FNH:0
FNDA:0,AddRank
FNDA:0,(anonymous_1)
FNDA:0,(anonymous_2)
FNDA:0,(anonymous_3)
FNDA:0,(anonymous_4)
FNDA:0,(anonymous_5)
FNDA:0,(anonymous_6)
FNDA:0,(anonymous_7)
FNDA:0,(anonymous_8)
FNDA:0,(anonymous_9)
FNDA:0,(anonymous_10)
FNDA:0,(anonymous_11)
FNDA:0,(anonymous_12)
FNDA:0,(anonymous_13)
FNDA:0,(anonymous_14)
FNDA:0,(anonymous_15)
DA:8,0
DA:9,0
DA:10,0
DA:11,0
DA:12,0
DA:13,0
DA:14,0
DA:16,0
DA:17,0
DA:20,0
DA:21,0
DA:22,0
DA:23,0
DA:26,0
DA:27,0
DA:28,0
DA:29,0
DA:30,0
DA:33,0
DA:34,0
DA:35,0
DA:38,0
DA:39,0
DA:40,0
DA:41,0
DA:42,0
DA:46,0
DA:47,0
DA:48,0
DA:49,0
DA:52,0
DA:53,0
DA:54,0
DA:55,0
DA:67,0
DA:68,0
DA:72,0
DA:128,0
DA:130,0
DA:168,0
DA:182,0
DA:199,0
DA:265,0
DA:281,0
DA:331,0
LF:45
LH:0
BRDA:39,0,0,0
BRDA:39,0,1,0
BRDA:53,1,0,0
BRDA:53,1,1,0
BRF:4
BRH:0
end_of_record
TN:
SF:components\Rank\ListRank.jsx
FN:4,ListRank
FNF:1
FNH:0
FNDA:0,ListRank
DA:5,0
LF:1
LH:0
BRF:0
BRH:0
end_of_record
TN:
SF:components\api\ApiURL.jsx
FNF:0
FNH:0
DA:2,0
LF:1
LH:0
BRF:0
BRH:0
end_of_record
TN:
SF:components\api\deptapi.jsx
FN:5,(anonymous_0)
FN:9,(anonymous_1)
FN:13,(anonymous_2)
FN:18,(anonymous_3)
FN:22,(anonymous_4)
FNF:5
FNH:0
FNDA:0,(anonymous_0)
FNDA:0,(anonymous_1)
FNDA:0,(anonymous_2)
FNDA:0,(anonymous_3)
FNDA:0,(anonymous_4)
DA:5,0
DA:6,0
DA:9,0
DA:10,0
DA:13,0
DA:14,0
DA:15,0
DA:18,0
DA:19,0
DA:22,0
DA:23,0
LF:11
LH:0
BRF:0
BRH:0
end_of_record
TN:
SF:components\api\empapi.jsx
FN:5,(anonymous_0)
FN:9,(anonymous_1)
FN:13,(anonymous_2)
FN:18,(anonymous_3)
FN:22,(anonymous_4)
FNF:5
FNH:0
FNDA:0,(anonymous_0)
FNDA:0,(anonymous_1)
FNDA:0,(anonymous_2)
FNDA:0,(anonymous_3)
FNDA:0,(anonymous_4)
DA:5,0
DA:6,0
DA:9,0
DA:10,0
DA:13,0
DA:14,0
DA:15,0
DA:18,0
DA:19,0
DA:22,0
DA:23,0
LF:11
LH:0
BRF:0
BRH:0
end_of_record
TN:
SF:components\api\locationapi.jsx
FN:5,(anonymous_0)
FN:9,(anonymous_1)
FN:13,(anonymous_2)
FN:18,(anonymous_3)
FN:22,(anonymous_4)
FNF:5
FNH:0
FNDA:0,(anonymous_0)
FNDA:0,(anonymous_1)
FNDA:0,(anonymous_2)
FNDA:0,(anonymous_3)
FNDA:0,(anonymous_4)
DA:5,0
DA:6,0
DA:9,0
DA:10,0
DA:13,0
DA:14,0
DA:15,0
DA:18,0
DA:19,0
DA:22,0
DA:23,0
LF:11
LH:0
BRF:0
BRH:0
end_of_record
TN:
SF:components\api\rankapi.jsx
FN:5,(anonymous_0)
FN:10,(anonymous_1)
FN:14,(anonymous_2)
FN:19,(anonymous_3)
FN:23,(anonymous_4)
FNF:5
FNH:0
FNDA:0,(anonymous_0)
FNDA:0,(anonymous_1)
FNDA:0,(anonymous_2)
FNDA:0,(anonymous_3)
FNDA:0,(anonymous_4)
DA:5,0
DA:6,0
DA:7,0
DA:10,0
DA:11,0
DA:14,0
DA:15,0
DA:16,0
DA:19,0
DA:20,0
DA:23,0
DA:24,0
LF:12
LH:0
BRF:0
BRH:0
end_of_record
TN:
SF:constants\Colors.ts
FNF:0
FNH:0
DA:6,1
DA:7,1
DA:9,1
LF:3
LH:3
BRF:0
BRH:0
end_of_record
TN:
SF:hooks\useColorScheme.ts
FNF:0
FNH:0
LF:0
LH:0
BRF:0
BRH:0
end_of_record
TN:
SF:hooks\useColorScheme.web.ts
FN:6,useColorScheme
FNF:1
FNH:0
FNDA:0,useColorScheme
DA:7,0
LF:1
LH:0
BRF:0
BRH:0
end_of_record
TN:
SF:hooks\useThemeColor.ts
FN:10,useThemeColor
FNF:1
FNH:0
FNDA:0,useThemeColor
DA:14,0
DA:15,0
DA:17,0
DA:18,0
DA:20,0
LF:5
LH:0
BRDA:14,0,0,0
BRDA:14,0,1,0
BRDA:17,1,0,0
BRDA:17,1,1,0
BRF:4
BRH:0
end_of_record
TN:
SF:scripts\reset-project.js
FN:45,(anonymous_0)
FN:51,(anonymous_1)
FN:58,(anonymous_2)
FN:65,(anonymous_3)
FNF:4
FNH:0
FNDA:0,(anonymous_0)
FNDA:0,(anonymous_1)
FNDA:0,(anonymous_2)
FNDA:0,(anonymous_3)
DA:9,0
DA:10,0
DA:12,0
DA:13,0
DA:14,0
DA:15,0
DA:17,0
DA:34,0
DA:45,0
DA:46,0
DA:47,0
DA:49,0
DA:51,0
DA:52,0
DA:53,0
DA:55,0
DA:57,0
DA:58,0
DA:59,0
DA:60,0
DA:62,0
DA:64,0
DA:65,0
DA:66,0
DA:67,0
DA:69,0
LF:26
LH:0
BRDA:46,0,0,0
BRDA:46,0,1,0
BRDA:52,1,0,0
BRDA:52,1,1,0
BRDA:59,2,0,0
BRDA:59,2,1,0
BRDA:66,3,0,0
BRDA:66,3,1,0
BRF:8
BRH:0
end_of_record
